  [1m[35m (27.1ms)[0m  [1m[34mSELECT sqlite_version(*)[0m
  [1m[35m (46.0ms)[0m  [1m[35mCREATE TABLE "schema_migrations" ("version" varchar NOT NULL PRIMARY KEY)[0m
  [1m[35m (23.1ms)[0m  [1m[35mCREATE TABLE "ar_internal_metadata" ("key" varchar NOT NULL PRIMARY KEY, "value" varchar, "created_at" datetime(6) NOT NULL, "updated_at" datetime(6) NOT NULL)[0m
  [1m[35m (0.6ms)[0m  [1m[34mSELECT "schema_migrations"."version" FROM "schema_migrations" ORDER BY "schema_migrations"."version" ASC[0m
Migrating to CreatePosts (20211105100205)
  [1m[36mTRANSACTION (0.3ms)[0m  [1m[36mbegin transaction[0m
  [1m[35m (1.4ms)[0m  [1m[35mCREATE TABLE "posts" ("id" integer PRIMARY KEY AUTOINCREMENT NOT NULL, "title" varchar, "body" text, "comment" text, "created_at" datetime(6) NOT NULL, "updated_at" datetime(6) NOT NULL)[0m
  [1m[36mActiveRecord::SchemaMigration Create (1.1ms)[0m  [1m[32mINSERT INTO "schema_migrations" ("version") VALUES (?)[0m  [["version", "20211105100205"]]
  [1m[36mTRANSACTION (38.4ms)[0m  [1m[36mcommit transaction[0m
  [1m[36mActiveRecord::InternalMetadata Load (0.7ms)[0m  [1m[34mSELECT "ar_internal_metadata".* FROM "ar_internal_metadata" WHERE "ar_internal_metadata"."key" = ? LIMIT ?[0m  [["key", "environment"], ["LIMIT", 1]]
  [1m[36mTRANSACTION (2.2ms)[0m  [1m[36mbegin transaction[0m
  [1m[36mActiveRecord::InternalMetadata Create (1.7ms)[0m  [1m[32mINSERT INTO "ar_internal_metadata" ("key", "value", "created_at", "updated_at") VALUES (?, ?, ?, ?)[0m  [["key", "environment"], ["value", "development"], ["created_at", "2021-11-05 10:03:54.307454"], ["updated_at", "2021-11-05 10:03:54.307454"]]
  [1m[36mTRANSACTION (39.7ms)[0m  [1m[36mcommit transaction[0m
  [1m[35m (0.3ms)[0m  [1m[34mSELECT sqlite_version(*)[0m
  [1m[35m (0.5ms)[0m  [1m[34mSELECT "schema_migrations"."version" FROM "schema_migrations" ORDER BY "schema_migrations"."version" ASC[0m
Started GET "/posts" for ::1 at 2021-11-05 13:05:21 +0300
  [1m[35m (0.8ms)[0m  [1m[34mSELECT sqlite_version(*)[0m
  [1m[35m (0.3ms)[0m  [1m[34mSELECT "schema_migrations"."version" FROM "schema_migrations" ORDER BY "schema_migrations"."version" ASC[0m
Processing by PostsController#index as HTML
  Rendering layout layouts/application.html.erb
  Rendering posts/index.html.erb within layouts/application
  [1m[36mPost Load (0.8ms)[0m  [1m[34mSELECT "posts".* FROM "posts"[0m
  ↳ app/views/posts/index.html.erb:16
  Rendered posts/index.html.erb within layouts/application (Duration: 20.4ms | Allocations: 1472)
[Webpacker] Compiling...
[Webpacker] Compiled all packs in /home/kubradaniskan/sitedemo/public/packs
[Webpacker] Hash: e2a8a876c5815bee1e21
Version: webpack 4.46.0
Time: 6000ms
Built at: 05.11.2021 13:05:34
                                     Asset       Size       Chunks                         Chunk Names
    js/application-e421b4aa3f716bebdab1.js    125 KiB  application  [emitted] [immutable]  application
js/application-e421b4aa3f716bebdab1.js.map    139 KiB  application  [emitted] [dev]        application
                             manifest.json  364 bytes               [emitted]              
Entrypoint application = js/application-e421b4aa3f716bebdab1.js js/application-e421b4aa3f716bebdab1.js.map
[./app/javascript/channels sync recursive _channel\.js$] ./app/javascript/channels sync _channel\.js$ 160 bytes {application} [built]
[./app/javascript/channels/index.js] 211 bytes {application} [built]
[./app/javascript/packs/application.js] 492 bytes {application} [built]
[./node_modules/webpack/buildin/module.js] (webpack)/buildin/module.js 552 bytes {application} [built]
    + 3 hidden modules

  Rendered layout layouts/application.html.erb (Duration: 12891.0ms | Allocations: 18550)
Completed 200 OK in 13016ms (Views: 12930.7ms | ActiveRecord: 0.8ms | Allocations: 23130)


Started GET "/posts/new" for ::1 at 2021-11-05 13:10:45 +0300
Processing by PostsController#new as HTML
  Rendering layout layouts/application.html.erb
  Rendering posts/new.html.erb within layouts/application
  Rendered posts/_form.html.erb (Duration: 216.9ms | Allocations: 7496)
  Rendered posts/new.html.erb within layouts/application (Duration: 227.4ms | Allocations: 7869)
[Webpacker] Everything's up-to-date. Nothing to do
  Rendered layout layouts/application.html.erb (Duration: 266.7ms | Allocations: 10747)
Completed 200 OK in 396ms (Views: 272.1ms | ActiveRecord: 2.2ms | Allocations: 15453)


Started POST "/posts" for ::1 at 2021-11-05 13:18:48 +0300
Processing by PostsController#create as HTML
  Parameters: {"authenticity_token"=>"[FILTERED]", "post"=>{"title"=>"Doğa Nedir?", "body"=>"<%= post.comment %>\r\n        <td><%= link_to 'Göster', post %></td>\r\n        <td><%= link_to 'Güncelle', edit_post_path(post) %></td>\r\n        <td><%= link_to 'Sil', post, method: :delete, data: { confirm: 'Are you sure?' } %></td>\r\n      </tr>\r\n    <% end %>\r\n  </tbody>\r\n</table>\r\n\r\n<br>\r\n\r\n<%= link_to 'New Post', new_post_path %>", "comment"=>"asdada"}, "commit"=>"Create Post"}
  [1m[35m (0.1ms)[0m  [1m[34mSELECT sqlite_version(*)[0m
  ↳ app/controllers/posts_controller.rb:27:in `block in create'
  [1m[36mTRANSACTION (0.1ms)[0m  [1m[36mbegin transaction[0m
  ↳ app/controllers/posts_controller.rb:27:in `block in create'
  [1m[36mPost Create (4.9ms)[0m  [1m[32mINSERT INTO "posts" ("title", "body", "comment", "created_at", "updated_at") VALUES (?, ?, ?, ?, ?)[0m  [["title", "Doğa Nedir?"], ["body", "<%= post.comment %>\r\n        <td><%= link_to 'Göster', post %></td>\r\n        <td><%= link_to 'Güncelle', edit_post_path(post) %></td>\r\n        <td><%= link_to 'Sil', post, method: :delete, data: { confirm: 'Are you sure?' } %></td>\r\n      </tr>\r\n    <% end %>\r\n  </tbody>\r\n</table>\r\n\r\n<br>\r\n\r\n<%= link_to 'New Post', new_post_path %>"], ["comment", "asdada"], ["created_at", "2021-11-05 10:18:48.516062"], ["updated_at", "2021-11-05 10:18:48.516062"]]
  ↳ app/controllers/posts_controller.rb:27:in `block in create'
  [1m[36mTRANSACTION (10.0ms)[0m  [1m[36mcommit transaction[0m
  ↳ app/controllers/posts_controller.rb:27:in `block in create'
Redirected to http://localhost:3000/posts/1
Completed 302 Found in 78ms (ActiveRecord: 15.5ms | Allocations: 5832)


Started GET "/posts/1" for ::1 at 2021-11-05 13:18:48 +0300
Processing by PostsController#show as HTML
  Parameters: {"id"=>"1"}
  [1m[36mPost Load (38.8ms)[0m  [1m[34mSELECT "posts".* FROM "posts" WHERE "posts"."id" = ? LIMIT ?[0m  [["id", 1], ["LIMIT", 1]]
  ↳ app/controllers/posts_controller.rb:62:in `set_post'
  Rendering layout layouts/application.html.erb
  Rendering posts/show.html.erb within layouts/application
  Rendered posts/show.html.erb within layouts/application (Duration: 1.7ms | Allocations: 327)
[Webpacker] Everything's up-to-date. Nothing to do
  Rendered layout layouts/application.html.erb (Duration: 15.3ms | Allocations: 3374)
Completed 200 OK in 190ms (Views: 46.0ms | ActiveRecord: 38.8ms | Allocations: 7894)


Started GET "/posts" for ::1 at 2021-11-05 13:18:50 +0300
Processing by PostsController#index as HTML
  Rendering layout layouts/application.html.erb
  Rendering posts/index.html.erb within layouts/application
  [1m[36mPost Load (1.0ms)[0m  [1m[34mSELECT "posts".* FROM "posts"[0m
  ↳ app/views/posts/index.html.erb:5
  Rendered posts/index.html.erb within layouts/application (Duration: 11.9ms | Allocations: 841)
[Webpacker] Everything's up-to-date. Nothing to do
  Rendered layout layouts/application.html.erb (Duration: 37.1ms | Allocations: 4348)
Completed 200 OK in 41ms (Views: 38.4ms | ActiveRecord: 1.0ms | Allocations: 4954)


Started GET "/posts" for ::1 at 2021-11-05 13:20:40 +0300
Processing by PostsController#index as HTML
  Rendering layout layouts/application.html.erb
  Rendering posts/index.html.erb within layouts/application
  [1m[36mPost Load (0.2ms)[0m  [1m[34mSELECT "posts".* FROM "posts"[0m
  ↳ app/views/posts/index.html.erb:5
  Rendered posts/index.html.erb within layouts/application (Duration: 4.7ms | Allocations: 689)
[Webpacker] Everything's up-to-date. Nothing to do
  Rendered layout layouts/application.html.erb (Duration: 24.2ms | Allocations: 3563)
Completed 200 OK in 33ms (Views: 31.3ms | ActiveRecord: 0.2ms | Allocations: 4033)


Started GET "/posts" for ::1 at 2021-11-05 13:20:41 +0300
Processing by PostsController#index as HTML
  Rendering layout layouts/application.html.erb
  Rendering posts/index.html.erb within layouts/application
  [1m[36mPost Load (0.2ms)[0m  [1m[34mSELECT "posts".* FROM "posts"[0m
  ↳ app/views/posts/index.html.erb:5
  Rendered posts/index.html.erb within layouts/application (Duration: 6.3ms | Allocations: 689)
[Webpacker] Everything's up-to-date. Nothing to do
  Rendered layout layouts/application.html.erb (Duration: 23.9ms | Allocations: 3562)
Completed 200 OK in 29ms (Views: 28.1ms | ActiveRecord: 0.2ms | Allocations: 4029)


Started GET "/posts" for ::1 at 2021-11-05 13:20:41 +0300
Processing by PostsController#index as HTML
  Rendering layout layouts/application.html.erb
  Rendering posts/index.html.erb within layouts/application
  [1m[36mPost Load (0.1ms)[0m  [1m[34mSELECT "posts".* FROM "posts"[0m
  ↳ app/views/posts/index.html.erb:5
  Rendered posts/index.html.erb within layouts/application (Duration: 5.5ms | Allocations: 683)
[Webpacker] Everything's up-to-date. Nothing to do
  Rendered layout layouts/application.html.erb (Duration: 22.7ms | Allocations: 3554)
Completed 200 OK in 29ms (Views: 27.9ms | ActiveRecord: 0.1ms | Allocations: 4012)


Started GET "/posts/1" for ::1 at 2021-11-05 13:20:45 +0300
Processing by PostsController#show as HTML
  Parameters: {"id"=>"1"}
  [1m[36mPost Load (0.3ms)[0m  [1m[34mSELECT "posts".* FROM "posts" WHERE "posts"."id" = ? LIMIT ?[0m  [["id", 1], ["LIMIT", 1]]
  ↳ app/controllers/posts_controller.rb:62:in `set_post'
  Rendering layout layouts/application.html.erb
  Rendering posts/show.html.erb within layouts/application
  Rendered posts/show.html.erb within layouts/application (Duration: 0.4ms | Allocations: 111)
[Webpacker] Everything's up-to-date. Nothing to do
  Rendered layout layouts/application.html.erb (Duration: 11.6ms | Allocations: 2981)
Completed 200 OK in 19ms (Views: 14.6ms | ActiveRecord: 0.3ms | Allocations: 3981)


Started GET "/posts/1/edit" for ::1 at 2021-11-05 13:20:47 +0300
Processing by PostsController#edit as HTML
  Parameters: {"id"=>"1"}
  [1m[36mPost Load (0.2ms)[0m  [1m[34mSELECT "posts".* FROM "posts" WHERE "posts"."id" = ? LIMIT ?[0m  [["id", 1], ["LIMIT", 1]]
  ↳ app/controllers/posts_controller.rb:62:in `set_post'
  Rendering layout layouts/application.html.erb
  Rendering posts/edit.html.erb within layouts/application
  Rendered posts/_form.html.erb (Duration: 3.8ms | Allocations: 1262)
  Rendered posts/edit.html.erb within layouts/application (Duration: 8.2ms | Allocations: 1659)
[Webpacker] Everything's up-to-date. Nothing to do
  Rendered layout layouts/application.html.erb (Duration: 22.7ms | Allocations: 4517)
Completed 200 OK in 29ms (Views: 23.9ms | ActiveRecord: 0.2ms | Allocations: 5647)


Started PATCH "/posts/1" for ::1 at 2021-11-05 13:20:51 +0300
Processing by PostsController#update as HTML
  Parameters: {"authenticity_token"=>"[FILTERED]", "post"=>{"title"=>"Doğa Nedir?", "body"=>"sfasfasfas", "comment"=>"asdada"}, "commit"=>"Update Post", "id"=>"1"}
  [1m[36mPost Load (0.2ms)[0m  [1m[34mSELECT "posts".* FROM "posts" WHERE "posts"."id" = ? LIMIT ?[0m  [["id", 1], ["LIMIT", 1]]
  ↳ app/controllers/posts_controller.rb:62:in `set_post'
  [1m[36mTRANSACTION (0.1ms)[0m  [1m[36mbegin transaction[0m
  ↳ app/controllers/posts_controller.rb:40:in `block in update'
  [1m[36mPost Update (5.2ms)[0m  [1m[33mUPDATE "posts" SET "body" = ?, "updated_at" = ? WHERE "posts"."id" = ?[0m  [["body", "sfasfasfas"], ["updated_at", "2021-11-05 10:20:51.316838"], ["id", 1]]
  ↳ app/controllers/posts_controller.rb:40:in `block in update'
  [1m[36mTRANSACTION (8.0ms)[0m  [1m[36mcommit transaction[0m
  ↳ app/controllers/posts_controller.rb:40:in `block in update'
Redirected to http://localhost:3000/posts/1
Completed 302 Found in 53ms (ActiveRecord: 13.5ms | Allocations: 3885)


Started GET "/posts/1" for ::1 at 2021-11-05 13:20:51 +0300
Processing by PostsController#show as HTML
  Parameters: {"id"=>"1"}
  [1m[36mPost Load (0.4ms)[0m  [1m[34mSELECT "posts".* FROM "posts" WHERE "posts"."id" = ? LIMIT ?[0m  [["id", 1], ["LIMIT", 1]]
  ↳ app/controllers/posts_controller.rb:62:in `set_post'
  Rendering layout layouts/application.html.erb
  Rendering posts/show.html.erb within layouts/application
  Rendered posts/show.html.erb within layouts/application (Duration: 0.4ms | Allocations: 111)
[Webpacker] Everything's up-to-date. Nothing to do
  Rendered layout layouts/application.html.erb (Duration: 11.4ms | Allocations: 2981)
Completed 200 OK in 26ms (Views: 12.2ms | ActiveRecord: 0.4ms | Allocations: 3988)


Started GET "/posts" for ::1 at 2021-11-05 13:20:53 +0300
Processing by PostsController#index as HTML
  Rendering layout layouts/application.html.erb
  Rendering posts/index.html.erb within layouts/application
  [1m[36mPost Load (0.4ms)[0m  [1m[34mSELECT "posts".* FROM "posts"[0m
  ↳ app/views/posts/index.html.erb:5
  Rendered posts/index.html.erb within layouts/application (Duration: 4.5ms | Allocations: 683)
[Webpacker] Everything's up-to-date. Nothing to do
  Rendered layout layouts/application.html.erb (Duration: 21.6ms | Allocations: 3554)
Completed 200 OK in 25ms (Views: 22.5ms | ActiveRecord: 0.4ms | Allocations: 4015)


Started GET "/posts" for ::1 at 2021-11-05 13:21:43 +0300
Processing by PostsController#index as HTML
  Rendering layout layouts/application.html.erb
  Rendering posts/index.html.erb within layouts/application
  [1m[36mPost Load (0.2ms)[0m  [1m[34mSELECT "posts".* FROM "posts"[0m
  ↳ app/views/posts/index.html.erb:5
  Rendered posts/index.html.erb within layouts/application (Duration: 8.4ms | Allocations: 880)
[Webpacker] Everything's up-to-date. Nothing to do
  Rendered layout layouts/application.html.erb (Duration: 25.8ms | Allocations: 3984)
Completed 200 OK in 35ms (Views: 32.7ms | ActiveRecord: 0.2ms | Allocations: 5211)


Started GET "/posts/1" for ::1 at 2021-11-05 13:21:44 +0300
Processing by PostsController#show as HTML
  Parameters: {"id"=>"1"}
  [1m[36mPost Load (0.2ms)[0m  [1m[34mSELECT "posts".* FROM "posts" WHERE "posts"."id" = ? LIMIT ?[0m  [["id", 1], ["LIMIT", 1]]
  ↳ app/controllers/posts_controller.rb:62:in `set_post'
  Rendering layout layouts/application.html.erb
  Rendering posts/show.html.erb within layouts/application
  Rendered posts/show.html.erb within layouts/application (Duration: 1.2ms | Allocations: 287)
[Webpacker] Everything's up-to-date. Nothing to do
  Rendered layout layouts/application.html.erb (Duration: 25.4ms | Allocations: 3679)
Completed 200 OK in 37ms (Views: 28.9ms | ActiveRecord: 0.2ms | Allocations: 4824)


Started GET "/posts" for ::1 at 2021-11-05 13:21:45 +0300
Processing by PostsController#index as HTML
  Rendering layout layouts/application.html.erb
  Rendering posts/index.html.erb within layouts/application
  [1m[36mPost Load (0.2ms)[0m  [1m[34mSELECT "posts".* FROM "posts"[0m
  ↳ app/views/posts/index.html.erb:5
  Rendered posts/index.html.erb within layouts/application (Duration: 10.0ms | Allocations: 724)
[Webpacker] Everything's up-to-date. Nothing to do
  Rendered layout layouts/application.html.erb (Duration: 24.8ms | Allocations: 3594)
Completed 200 OK in 29ms (Views: 28.0ms | ActiveRecord: 0.2ms | Allocations: 4055)


Started GET "/posts" for ::1 at 2021-11-05 13:22:21 +0300
Processing by PostsController#index as HTML
  Rendering layout layouts/application.html.erb
  Rendering posts/index.html.erb within layouts/application
  [1m[36mPost Load (0.2ms)[0m  [1m[34mSELECT "posts".* FROM "posts"[0m
  ↳ app/views/posts/index.html.erb:5
  Rendered posts/index.html.erb within layouts/application (Duration: 95.7ms | Allocations: 7577)
  Rendered layout layouts/application.html.erb (Duration: 98.8ms | Allocations: 7646)
Completed 500 Internal Server Error in 110ms (ActiveRecord: 0.2ms | Allocations: 8847)


  
ActionView::Template::Error (undefined local variable or method `posts' for #<ActionView::Base:0x00000000008700>
Did you mean?  post
               @posts):
    4: 
    5:     <% @posts.each do |post| %>
    6: 
    7:     <h2> <%= link_to posts.title, posts %> </h2>
    8: 
    9:     <p></p>
   10: 
  
app/views/posts/index.html.erb:7
app/views/posts/index.html.erb:5
Started GET "/posts" for ::1 at 2021-11-05 13:22:28 +0300
Processing by PostsController#index as HTML
  Rendering layout layouts/application.html.erb
  Rendering posts/index.html.erb within layouts/application
  [1m[36mPost Load (0.3ms)[0m  [1m[34mSELECT "posts".* FROM "posts"[0m
  ↳ app/views/posts/index.html.erb:5
  Rendered posts/index.html.erb within layouts/application (Duration: 8.5ms | Allocations: 877)
[Webpacker] Everything's up-to-date. Nothing to do
  Rendered layout layouts/application.html.erb (Duration: 26.0ms | Allocations: 3990)
Completed 200 OK in 38ms (Views: 33.8ms | ActiveRecord: 0.3ms | Allocations: 5219)


Started GET "/posts" for ::1 at 2021-11-05 13:23:47 +0300
Processing by PostsController#index as HTML
  Rendering layout layouts/application.html.erb
  Rendering posts/index.html.erb within layouts/application
  [1m[36mPost Load (0.2ms)[0m  [1m[34mSELECT "posts".* FROM "posts"[0m
  ↳ app/views/posts/index.html.erb:5
  Rendered posts/index.html.erb within layouts/application (Duration: 9.3ms | Allocations: 1005)
[Webpacker] Everything's up-to-date. Nothing to do
  Rendered layout layouts/application.html.erb (Duration: 28.8ms | Allocations: 4109)
Completed 200 OK in 37ms (Views: 34.4ms | ActiveRecord: 0.2ms | Allocations: 5335)


Started GET "/posts" for ::1 at 2021-11-05 13:26:49 +0300
Processing by PostsController#index as HTML
  Rendering layout layouts/application.html.erb
  Rendering posts/index.html.erb within layouts/application
  [1m[36mPost Load (0.2ms)[0m  [1m[34mSELECT "posts".* FROM "posts"[0m
  ↳ app/views/posts/index.html.erb:5
  Rendered posts/index.html.erb within layouts/application (Duration: 6.2ms | Allocations: 1006)
[Webpacker] Everything's up-to-date. Nothing to do
  Rendered layout layouts/application.html.erb (Duration: 25.8ms | Allocations: 4110)
Completed 200 OK in 44ms (Views: 37.8ms | ActiveRecord: 0.2ms | Allocations: 5333)


Started GET "/posts/new" for ::1 at 2021-11-05 13:26:50 +0300
Processing by PostsController#new as HTML
  Rendering layout layouts/application.html.erb
  Rendering posts/new.html.erb within layouts/application
  Rendered posts/_form.html.erb (Duration: 5.1ms | Allocations: 1196)
  Rendered posts/new.html.erb within layouts/application (Duration: 6.4ms | Allocations: 1546)
[Webpacker] Everything's up-to-date. Nothing to do
  Rendered layout layouts/application.html.erb (Duration: 21.6ms | Allocations: 4404)
Completed 200 OK in 26ms (Views: 24.6ms | ActiveRecord: 0.0ms | Allocations: 4996)


Started GET "/posts/1" for ::1 at 2021-11-05 13:26:52 +0300
Processing by PostsController#show as HTML
  Parameters: {"id"=>"1"}
  [1m[36mPost Load (0.2ms)[0m  [1m[34mSELECT "posts".* FROM "posts" WHERE "posts"."id" = ? LIMIT ?[0m  [["id", 1], ["LIMIT", 1]]
  ↳ app/controllers/posts_controller.rb:62:in `set_post'
  Rendering layout layouts/application.html.erb
  Rendering posts/show.html.erb within layouts/application
  Rendered posts/show.html.erb within layouts/application (Duration: 30.4ms | Allocations: 4396)
  Rendered layout layouts/application.html.erb (Duration: 32.9ms | Allocations: 4978)
Completed 500 Internal Server Error in 45ms (ActiveRecord: 0.2ms | Allocations: 6102)


  
ActionView::Template::Error (undefined local variable or method `post' for #<ActionView::Base:0x00000000008e08>
Did you mean?  @post):
    17: 
    18: <%= link_to 'Güncelle', edit_post_path(@post) %> |
    19: <%= link_to 'Geri', posts_path %>
    20: <%= link_to 'Sil', post, method: :delete, data: { confirm: 'Emin Misiniz?' } %><
  
app/views/posts/show.html.erb:20
Started GET "/posts/1" for ::1 at 2021-11-05 13:27:03 +0300
Processing by PostsController#show as HTML
  Parameters: {"id"=>"1"}
  [1m[36mPost Load (0.2ms)[0m  [1m[34mSELECT "posts".* FROM "posts" WHERE "posts"."id" = ? LIMIT ?[0m  [["id", 1], ["LIMIT", 1]]
  ↳ app/controllers/posts_controller.rb:62:in `set_post'
  Rendering layout layouts/application.html.erb
  Rendering posts/show.html.erb within layouts/application
  Rendered posts/show.html.erb within layouts/application (Duration: 43.2ms | Allocations: 4392)
  Rendered layout layouts/application.html.erb (Duration: 44.8ms | Allocations: 4461)
Completed 500 Internal Server Error in 56ms (ActiveRecord: 0.2ms | Allocations: 6191)


  
ActionView::Template::Error (undefined local variable or method `post' for #<ActionView::Base:0x00000000009240>
Did you mean?  @post):
    17: 
    18: <%= link_to 'Güncelle', edit_post_path(@post) %> |
    19: <%= link_to 'Geri', posts_path %>
    20: <%= link_to 'Sil', post, method: :delete, data: { confirm: 'Emin Misiniz?' } %>
  
app/views/posts/show.html.erb:20
Started GET "/posts" for ::1 at 2021-11-05 13:27:14 +0300
Processing by PostsController#index as HTML
  Rendering layout layouts/application.html.erb
  Rendering posts/index.html.erb within layouts/application
  [1m[36mPost Load (0.3ms)[0m  [1m[34mSELECT "posts".* FROM "posts"[0m
  ↳ app/views/posts/index.html.erb:5
  Rendered posts/index.html.erb within layouts/application (Duration: 13.7ms | Allocations: 983)
[Webpacker] Everything's up-to-date. Nothing to do
  Rendered layout layouts/application.html.erb (Duration: 31.3ms | Allocations: 4095)
Completed 200 OK in 40ms (Views: 38.2ms | ActiveRecord: 0.3ms | Allocations: 4684)


Started GET "/posts/1" for ::1 at 2021-11-05 13:27:16 +0300
Processing by PostsController#show as HTML
  Parameters: {"id"=>"1"}
  [1m[36mPost Load (0.2ms)[0m  [1m[34mSELECT "posts".* FROM "posts" WHERE "posts"."id" = ? LIMIT ?[0m  [["id", 1], ["LIMIT", 1]]
  ↳ app/controllers/posts_controller.rb:62:in `set_post'
  Rendering layout layouts/application.html.erb
  Rendering posts/show.html.erb within layouts/application
  Rendered posts/show.html.erb within layouts/application (Duration: 18.5ms | Allocations: 4182)
  Rendered layout layouts/application.html.erb (Duration: 19.1ms | Allocations: 4250)
Completed 500 Internal Server Error in 27ms (ActiveRecord: 0.2ms | Allocations: 5212)


  
ActionView::Template::Error (undefined local variable or method `post' for #<ActionView::Base:0x00000000009768>
Did you mean?  @post):
    17: 
    18: <%= link_to 'Güncelle', edit_post_path(@post) %> |
    19: <%= link_to 'Geri', posts_path %>
    20: <%= link_to 'Sil', post, method: :delete, data: { confirm: 'Emin Misiniz?' } %>
  
app/views/posts/show.html.erb:20
Started GET "/posts/1" for ::1 at 2021-11-05 13:29:02 +0300
Processing by PostsController#show as HTML
  Parameters: {"id"=>"1"}
  [1m[36mPost Load (0.2ms)[0m  [1m[34mSELECT "posts".* FROM "posts" WHERE "posts"."id" = ? LIMIT ?[0m  [["id", 1], ["LIMIT", 1]]
  ↳ app/controllers/posts_controller.rb:62:in `set_post'
  Rendering layout layouts/application.html.erb
  Rendering posts/show.html.erb within layouts/application
  Rendered posts/show.html.erb within layouts/application (Duration: 1.6ms | Allocations: 1217)
  Rendered layout layouts/application.html.erb (Duration: 3.3ms | Allocations: 1287)
Completed 500 Internal Server Error in 19ms (ActiveRecord: 0.2ms | Allocations: 3022)


  
ActionView::SyntaxErrorInTemplate (Encountered a syntax error while rendering template: check <p id="notice"><%= notice %></p>

<p>
  <strong>Title:</strong>
  <%= @post.title %>
</p>

<p>
  <strong>Body:</strong>
  <%= @post.body %>
</p>

<p>
  <strong>Comment:</strong>
  <%= @post.comment %>
</p>

<%= link_to 'Güncelle', edit_post_path(@post) %> |
<%= link_to 'Geri', posts_path %> |
<%= link_to 'Sil', post, method: :delete, data: { confirm: 'Emin Misiniz?' } %>

<%end %>
):
1:    <p id="notice"><%= notice %></p>
2:    
3:    <p>
4:      <strong>Title:</strong>
5:      <%= @post.title %>
6:    </p>
7:    
8:    <p>
9:      <strong>Body:</strong>
10:      <%= @post.body %>
11:    </p>
12:    
13:    <p>
14:      <strong>Comment:</strong>
15:      <%= @post.comment %>
16:    </p>
17:    
18:    <%= link_to 'Güncelle', edit_post_path(@post) %> |
19:    <%= link_to 'Geri', posts_path %> |
20:    <%= link_to 'Sil', post, method: :delete, data: { confirm: 'Emin Misiniz?' } %>
21:    
22:    <%end %>
  
app/views/posts/show.html.erb:24: syntax error, unexpected `end', expecting end-of-input
app/views/posts/show.html.erb:24: syntax error, unexpected `end', expecting end-of-input
app/views/posts/show.html.erb:24: syntax error, unexpected `end', expecting end-of-input
app/views/posts/show.html.erb:24: syntax error, unexpected `end', expecting end-of-input
app/views/posts/show.html.erb:24: syntax error, unexpected `end', expecting end-of-input
app/views/posts/show.html.erb:24: syntax error, unexpected `end', expecting end-of-input
Started GET "/post" for ::1 at 2021-11-05 13:29:09 +0300
  
ActionController::RoutingError (No route matches [GET] "/post"):
  
Started GET "/posts" for ::1 at 2021-11-05 13:29:14 +0300
Processing by PostsController#index as HTML
  Rendering layout layouts/application.html.erb
  Rendering posts/index.html.erb within layouts/application
  [1m[36mPost Load (0.3ms)[0m  [1m[34mSELECT "posts".* FROM "posts"[0m
  ↳ app/views/posts/index.html.erb:4
  Rendered posts/index.html.erb within layouts/application (Duration: 8.6ms | Allocations: 1000)
[Webpacker] Everything's up-to-date. Nothing to do
  Rendered layout layouts/application.html.erb (Duration: 23.9ms | Allocations: 4112)
Completed 200 OK in 28ms (Views: 26.2ms | ActiveRecord: 0.3ms | Allocations: 4701)


Started GET "/posts" for ::1 at 2021-11-05 13:29:35 +0300
Processing by PostsController#index as HTML
  Rendering layout layouts/application.html.erb
  Rendering posts/index.html.erb within layouts/application
  [1m[36mPost Load (0.2ms)[0m  [1m[34mSELECT "posts".* FROM "posts"[0m
  ↳ app/views/posts/index.html.erb:4
  Rendered posts/index.html.erb within layouts/application (Duration: 8.4ms | Allocations: 1002)
[Webpacker] Everything's up-to-date. Nothing to do
  Rendered layout layouts/application.html.erb (Duration: 31.4ms | Allocations: 4106)
Completed 200 OK in 42ms (Views: 40.6ms | ActiveRecord: 0.2ms | Allocations: 5332)


Started GET "/posts/1" for ::1 at 2021-11-05 13:29:37 +0300
Processing by PostsController#show as HTML
  Parameters: {"id"=>"1"}
  [1m[36mPost Load (0.3ms)[0m  [1m[34mSELECT "posts".* FROM "posts" WHERE "posts"."id" = ? LIMIT ?[0m  [["id", 1], ["LIMIT", 1]]
  ↳ app/controllers/posts_controller.rb:62:in `set_post'
  Rendering layout layouts/application.html.erb
  Rendering posts/show.html.erb within layouts/application
  Rendered posts/show.html.erb within layouts/application (Duration: 1.4ms | Allocations: 290)
[Webpacker] Everything's up-to-date. Nothing to do
  Rendered layout layouts/application.html.erb (Duration: 20.4ms | Allocations: 3160)
Completed 200 OK in 31ms (Views: 22.9ms | ActiveRecord: 0.3ms | Allocations: 4293)


Started GET "/posts/1/edit" for ::1 at 2021-11-05 13:29:41 +0300
Processing by PostsController#edit as HTML
  Parameters: {"id"=>"1"}
  [1m[36mPost Load (0.2ms)[0m  [1m[34mSELECT "posts".* FROM "posts" WHERE "posts"."id" = ? LIMIT ?[0m  [["id", 1], ["LIMIT", 1]]
  ↳ app/controllers/posts_controller.rb:62:in `set_post'
  Rendering layout layouts/application.html.erb
  Rendering posts/edit.html.erb within layouts/application
  Rendered posts/_form.html.erb (Duration: 4.2ms | Allocations: 1231)
  Rendered posts/edit.html.erb within layouts/application (Duration: 6.5ms | Allocations: 1618)
[Webpacker] Everything's up-to-date. Nothing to do
  Rendered layout layouts/application.html.erb (Duration: 14.9ms | Allocations: 4476)
Completed 200 OK in 23ms (Views: 17.1ms | ActiveRecord: 0.2ms | Allocations: 5606)


Started GET "/posts/1" for ::1 at 2021-11-05 13:29:45 +0300
Processing by PostsController#show as HTML
  Parameters: {"id"=>"1"}
  [1m[36mPost Load (0.2ms)[0m  [1m[34mSELECT "posts".* FROM "posts" WHERE "posts"."id" = ? LIMIT ?[0m  [["id", 1], ["LIMIT", 1]]
  ↳ app/controllers/posts_controller.rb:62:in `set_post'
  Rendering layout layouts/application.html.erb
  Rendering posts/show.html.erb within layouts/application
  Rendered posts/show.html.erb within layouts/application (Duration: 0.9ms | Allocations: 110)
[Webpacker] Everything's up-to-date. Nothing to do
  Rendered layout layouts/application.html.erb (Duration: 24.9ms | Allocations: 2980)
Completed 200 OK in 44ms (Views: 33.1ms | ActiveRecord: 0.2ms | Allocations: 3982)


Started GET "/posts" for ::1 at 2021-11-05 13:31:22 +0300
Processing by PostsController#index as HTML
  Rendering layout layouts/application.html.erb
  Rendering posts/index.html.erb within layouts/application
  [1m[36mPost Load (0.2ms)[0m  [1m[34mSELECT "posts".* FROM "posts"[0m
  ↳ app/views/posts/index.html.erb:4
  Rendered posts/index.html.erb within layouts/application (Duration: 14.5ms | Allocations: 1002)
[Webpacker] Everything's up-to-date. Nothing to do
  Rendered layout layouts/application.html.erb (Duration: 43.4ms | Allocations: 4106)
Completed 200 OK in 61ms (Views: 59.3ms | ActiveRecord: 0.2ms | Allocations: 5328)


Started GET "/posts/1" for ::1 at 2021-11-05 13:31:23 +0300
Processing by PostsController#show as HTML
  Parameters: {"id"=>"1"}
  [1m[36mPost Load (0.2ms)[0m  [1m[34mSELECT "posts".* FROM "posts" WHERE "posts"."id" = ? LIMIT ?[0m  [["id", 1], ["LIMIT", 1]]
  ↳ app/controllers/posts_controller.rb:62:in `set_post'
  Rendering layout layouts/application.html.erb
  Rendering posts/show.html.erb within layouts/application
  Rendered posts/show.html.erb within layouts/application (Duration: 31.4ms | Allocations: 4388)
  Rendered layout layouts/application.html.erb (Duration: 34.9ms | Allocations: 5096)
Completed 500 Internal Server Error in 51ms (ActiveRecord: 0.2ms | Allocations: 6188)


  
ActionView::Template::Error (undefined local variable or method `post' for #<ActionView::Base:0x0000000000a618>
Did you mean?  @post):
    17: 
    18: <%= link_to 'Güncelle', edit_post_path(@post) %> |
    19: <%= link_to 'Geri', posts_path %> |
    20: <%= link_to 'Sil', post, method: :delete, data: {confirm: 'Emin Misiniz?'} %>
  
app/views/posts/show.html.erb:20
Started GET "/posts/1" for ::1 at 2021-11-05 13:31:47 +0300
Processing by PostsController#show as HTML
  Parameters: {"id"=>"1"}
  [1m[36mPost Load (0.2ms)[0m  [1m[34mSELECT "posts".* FROM "posts" WHERE "posts"."id" = ? LIMIT ?[0m  [["id", 1], ["LIMIT", 1]]
  ↳ app/controllers/posts_controller.rb:62:in `set_post'
  Rendering layout layouts/application.html.erb
  Rendering posts/show.html.erb within layouts/application
  Rendered posts/show.html.erb within layouts/application (Duration: 32.9ms | Allocations: 4400)
  Rendered layout layouts/application.html.erb (Duration: 33.8ms | Allocations: 4469)
Completed 500 Internal Server Error in 49ms (ActiveRecord: 0.2ms | Allocations: 6199)


  
ActionView::Template::Error (undefined local variable or method `post' for #<ActionView::Base:0x0000000000aaa0>
Did you mean?  @post):
    17: 
    18: <%= link_to 'Güncelle', edit_post_path(@post) %> |
    19: <%= link_to 'Geri', posts_path %> |
    20: <%= link_to 'Sil', post, method: :delete, data: {confirm: 'Are you sure'} %>
  
app/views/posts/show.html.erb:20
Started GET "/posts/1" for ::1 at 2021-11-05 13:31:59 +0300
Processing by PostsController#show as HTML
  Parameters: {"id"=>"1"}
  [1m[36mPost Load (0.2ms)[0m  [1m[34mSELECT "posts".* FROM "posts" WHERE "posts"."id" = ? LIMIT ?[0m  [["id", 1], ["LIMIT", 1]]
  ↳ app/controllers/posts_controller.rb:62:in `set_post'
  Rendering layout layouts/application.html.erb
  Rendering posts/show.html.erb within layouts/application
  Rendered posts/show.html.erb within layouts/application (Duration: 39.5ms | Allocations: 4390)
  Rendered layout layouts/application.html.erb (Duration: 44.1ms | Allocations: 4459)
Completed 500 Internal Server Error in 62ms (ActiveRecord: 0.2ms | Allocations: 6190)


  
ActionView::Template::Error (undefined local variable or method `posts' for #<ActionView::Base:0x0000000000aed8>
Did you mean?  @post):
    17: 
    18: <%= link_to 'Güncelle', edit_post_path(@post) %> |
    19: <%= link_to 'Geri', posts_path %> |
    20: <%= link_to 'Sil', posts, method: :delete, data: {confirm: 'Are you sure'} %>
  
app/views/posts/show.html.erb:20
Started GET "/posts/1" for ::1 at 2021-11-05 13:32:49 +0300
Processing by PostsController#show as HTML
  Parameters: {"id"=>"1"}
  [1m[36mPost Load (0.2ms)[0m  [1m[34mSELECT "posts".* FROM "posts" WHERE "posts"."id" = ? LIMIT ?[0m  [["id", 1], ["LIMIT", 1]]
  ↳ app/controllers/posts_controller.rb:62:in `set_post'
  Rendering layout layouts/application.html.erb
  Rendering posts/show.html.erb within layouts/application
  Rendered posts/show.html.erb within layouts/application (Duration: 1.9ms | Allocations: 378)
[Webpacker] Everything's up-to-date. Nothing to do
  Rendered layout layouts/application.html.erb (Duration: 16.6ms | Allocations: 3491)
Completed 200 OK in 33ms (Views: 21.6ms | ActiveRecord: 0.2ms | Allocations: 5259)


Started GET "/posts/1" for ::1 at 2021-11-05 13:34:34 +0300
Processing by PostsController#show as HTML
  Parameters: {"id"=>"1"}
  [1m[36mPost Load (0.2ms)[0m  [1m[34mSELECT "posts".* FROM "posts" WHERE "posts"."id" = ? LIMIT ?[0m  [["id", 1], ["LIMIT", 1]]
  ↳ app/controllers/posts_controller.rb:62:in `set_post'
  Rendering layout layouts/application.html.erb
  Rendering posts/show.html.erb within layouts/application
  Rendered posts/show.html.erb within layouts/application (Duration: 3.1ms | Allocations: 375)
[Webpacker] Everything's up-to-date. Nothing to do
  Rendered layout layouts/application.html.erb (Duration: 19.6ms | Allocations: 3479)
Completed 200 OK in 46ms (Views: 37.0ms | ActiveRecord: 0.2ms | Allocations: 5244)


Started GET "/posts" for ::1 at 2021-11-05 13:34:36 +0300
Processing by PostsController#index as HTML
  Rendering layout layouts/application.html.erb
  Rendering posts/index.html.erb within layouts/application
  [1m[36mPost Load (0.5ms)[0m  [1m[34mSELECT "posts".* FROM "posts"[0m
  ↳ app/views/posts/index.html.erb:4
  Rendered posts/index.html.erb within layouts/application (Duration: 10.5ms | Allocations: 984)
[Webpacker] Everything's up-to-date. Nothing to do
  Rendered layout layouts/application.html.erb (Duration: 27.3ms | Allocations: 3866)
Completed 200 OK in 33ms (Views: 30.4ms | ActiveRecord: 0.5ms | Allocations: 4459)


Started GET "/posts/new" for ::1 at 2021-11-05 13:34:39 +0300
Processing by PostsController#new as HTML
  Rendering layout layouts/application.html.erb
  Rendering posts/new.html.erb within layouts/application
  Rendered posts/_form.html.erb (Duration: 5.6ms | Allocations: 1195)
  Rendered posts/new.html.erb within layouts/application (Duration: 12.8ms | Allocations: 1542)
[Webpacker] Everything's up-to-date. Nothing to do
  Rendered layout layouts/application.html.erb (Duration: 29.7ms | Allocations: 4400)
Completed 200 OK in 34ms (Views: 32.3ms | ActiveRecord: 0.0ms | Allocations: 4991)


Started POST "/posts" for ::1 at 2021-11-05 13:34:47 +0300
Processing by PostsController#create as HTML
  Parameters: {"authenticity_token"=>"[FILTERED]", "post"=>{"title"=>"Yaşam Nedir?", "body"=>"asdasda", "comment"=>"Çok güzelll"}, "commit"=>"Create Post"}
  [1m[36mTRANSACTION (0.1ms)[0m  [1m[36mbegin transaction[0m
  ↳ app/controllers/posts_controller.rb:27:in `block in create'
  [1m[36mPost Create (0.4ms)[0m  [1m[32mINSERT INTO "posts" ("title", "body", "comment", "created_at", "updated_at") VALUES (?, ?, ?, ?, ?)[0m  [["title", "Yaşam Nedir?"], ["body", "asdasda"], ["comment", "Çok güzelll"], ["created_at", "2021-11-05 10:34:47.828371"], ["updated_at", "2021-11-05 10:34:47.828371"]]
  ↳ app/controllers/posts_controller.rb:27:in `block in create'
  [1m[36mTRANSACTION (17.7ms)[0m  [1m[36mcommit transaction[0m
  ↳ app/controllers/posts_controller.rb:27:in `block in create'
Redirected to http://localhost:3000/posts/2
Completed 302 Found in 40ms (ActiveRecord: 18.2ms | Allocations: 3937)


Started GET "/posts/2" for ::1 at 2021-11-05 13:34:47 +0300
Processing by PostsController#show as HTML
  Parameters: {"id"=>"2"}
  [1m[36mPost Load (0.2ms)[0m  [1m[34mSELECT "posts".* FROM "posts" WHERE "posts"."id" = ? LIMIT ?[0m  [["id", 2], ["LIMIT", 1]]
  ↳ app/controllers/posts_controller.rb:62:in `set_post'
  Rendering layout layouts/application.html.erb
  Rendering posts/show.html.erb within layouts/application
  Rendered posts/show.html.erb within layouts/application (Duration: 0.6ms | Allocations: 154)
[Webpacker] Everything's up-to-date. Nothing to do
  Rendered layout layouts/application.html.erb (Duration: 13.5ms | Allocations: 3024)
Completed 200 OK in 22ms (Views: 14.6ms | ActiveRecord: 0.2ms | Allocations: 4031)


Started GET "/posts" for ::1 at 2021-11-05 13:34:49 +0300
Processing by PostsController#index as HTML
  Rendering layout layouts/application.html.erb
  Rendering posts/index.html.erb within layouts/application
  [1m[36mPost Load (0.2ms)[0m  [1m[34mSELECT "posts".* FROM "posts"[0m
  ↳ app/views/posts/index.html.erb:4
  Rendered posts/index.html.erb within layouts/application (Duration: 9.4ms | Allocations: 911)
[Webpacker] Everything's up-to-date. Nothing to do
  Rendered layout layouts/application.html.erb (Duration: 37.3ms | Allocations: 4418)
Completed 200 OK in 42ms (Views: 39.9ms | ActiveRecord: 0.2ms | Allocations: 4879)


Started GET "/posts" for ::1 at 2021-11-05 13:35:46 +0300
Processing by PostsController#index as HTML
  Rendering layout layouts/application.html.erb
  Rendering posts/index.html.erb within layouts/application
  [1m[36mPost Load (0.4ms)[0m  [1m[34mSELECT "posts".* FROM "posts"[0m
  ↳ app/views/posts/index.html.erb:4
  Rendered posts/index.html.erb within layouts/application (Duration: 15.0ms | Allocations: 1102)
[Webpacker] Everything's up-to-date. Nothing to do
  Rendered layout layouts/application.html.erb (Duration: 48.2ms | Allocations: 4206)
Completed 200 OK in 64ms (Views: 60.9ms | ActiveRecord: 0.4ms | Allocations: 5432)


Started GET "/posts/new" for ::1 at 2021-11-05 13:35:48 +0300
Processing by PostsController#new as HTML
  Rendering layout layouts/application.html.erb
  Rendering posts/new.html.erb within layouts/application
  Rendered posts/_form.html.erb (Duration: 5.0ms | Allocations: 1196)
  Rendered posts/new.html.erb within layouts/application (Duration: 18.4ms | Allocations: 1543)
[Webpacker] Everything's up-to-date. Nothing to do
  Rendered layout layouts/application.html.erb (Duration: 43.2ms | Allocations: 5040)
Completed 200 OK in 49ms (Views: 47.7ms | ActiveRecord: 0.0ms | Allocations: 5632)


Started POST "/posts" for ::1 at 2021-11-05 13:35:55 +0300
Processing by PostsController#create as HTML
  Parameters: {"authenticity_token"=>"[FILTERED]", "post"=>{"title"=>"İnsan, Doğa ve Yaşam", "body"=>"asdasd", "comment"=>"Harikaa"}, "commit"=>"Create Post"}
  [1m[36mTRANSACTION (0.1ms)[0m  [1m[36mbegin transaction[0m
  ↳ app/controllers/posts_controller.rb:27:in `block in create'
  [1m[36mPost Create (13.4ms)[0m  [1m[32mINSERT INTO "posts" ("title", "body", "comment", "created_at", "updated_at") VALUES (?, ?, ?, ?, ?)[0m  [["title", "İnsan, Doğa ve Yaşam"], ["body", "asdasd"], ["comment", "Harikaa"], ["created_at", "2021-11-05 10:35:55.381837"], ["updated_at", "2021-11-05 10:35:55.381837"]]
  ↳ app/controllers/posts_controller.rb:27:in `block in create'
  [1m[36mTRANSACTION (8.9ms)[0m  [1m[36mcommit transaction[0m
  ↳ app/controllers/posts_controller.rb:27:in `block in create'
Redirected to http://localhost:3000/posts/3
Completed 302 Found in 64ms (ActiveRecord: 22.4ms | Allocations: 4438)


Started GET "/posts/3" for ::1 at 2021-11-05 13:35:55 +0300
Processing by PostsController#show as HTML
  Parameters: {"id"=>"3"}
  [1m[36mPost Load (0.4ms)[0m  [1m[34mSELECT "posts".* FROM "posts" WHERE "posts"."id" = ? LIMIT ?[0m  [["id", 3], ["LIMIT", 1]]
  ↳ app/controllers/posts_controller.rb:62:in `set_post'
  Rendering layout layouts/application.html.erb
  Rendering posts/show.html.erb within layouts/application
  Rendered posts/show.html.erb within layouts/application (Duration: 1.6ms | Allocations: 353)
[Webpacker] Everything's up-to-date. Nothing to do
  Rendered layout layouts/application.html.erb (Duration: 13.2ms | Allocations: 3223)
Completed 200 OK in 35ms (Views: 15.2ms | ActiveRecord: 0.4ms | Allocations: 4361)


Started GET "/posts" for ::1 at 2021-11-05 13:35:57 +0300
Processing by PostsController#index as HTML
  Rendering layout layouts/application.html.erb
  Rendering posts/index.html.erb within layouts/application
  [1m[36mPost Load (0.2ms)[0m  [1m[34mSELECT "posts".* FROM "posts"[0m
  ↳ app/views/posts/index.html.erb:4
  Rendered posts/index.html.erb within layouts/application (Duration: 6.3ms | Allocations: 1005)
[Webpacker] Everything's up-to-date. Nothing to do
  Rendered layout layouts/application.html.erb (Duration: 17.6ms | Allocations: 3875)
Completed 200 OK in 21ms (Views: 18.9ms | ActiveRecord: 0.2ms | Allocations: 4336)


Started GET "/posts/1" for ::1 at 2021-11-05 13:36:01 +0300
Processing by PostsController#show as HTML
  Parameters: {"id"=>"1"}
  [1m[36mPost Load (0.2ms)[0m  [1m[34mSELECT "posts".* FROM "posts" WHERE "posts"."id" = ? LIMIT ?[0m  [["id", 1], ["LIMIT", 1]]
  ↳ app/controllers/posts_controller.rb:62:in `set_post'
  Rendering layout layouts/application.html.erb
  Rendering posts/show.html.erb within layouts/application
  Rendered posts/show.html.erb within layouts/application (Duration: 0.5ms | Allocations: 152)
[Webpacker] Everything's up-to-date. Nothing to do
  Rendered layout layouts/application.html.erb (Duration: 21.3ms | Allocations: 3648)
Completed 200 OK in 28ms (Views: 22.6ms | ActiveRecord: 0.2ms | Allocations: 4650)


Started GET "/posts/3" for ::1 at 2021-11-05 13:36:04 +0300
Processing by PostsController#show as HTML
  Parameters: {"id"=>"3"}
  [1m[36mPost Load (0.3ms)[0m  [1m[34mSELECT "posts".* FROM "posts" WHERE "posts"."id" = ? LIMIT ?[0m  [["id", 3], ["LIMIT", 1]]
  ↳ app/controllers/posts_controller.rb:62:in `set_post'
  Rendering layout layouts/application.html.erb
  Rendering posts/show.html.erb within layouts/application
  Rendered posts/show.html.erb within layouts/application (Duration: 1.2ms | Allocations: 152)
[Webpacker] Everything's up-to-date. Nothing to do
  Rendered layout layouts/application.html.erb (Duration: 25.4ms | Allocations: 3022)
Completed 200 OK in 39ms (Views: 28.1ms | ActiveRecord: 0.3ms | Allocations: 4024)


Started GET "/posts/1" for ::1 at 2021-11-05 13:36:42 +0300
Processing by PostsController#show as HTML
  Parameters: {"id"=>"1"}
  [1m[36mPost Load (0.2ms)[0m  [1m[34mSELECT "posts".* FROM "posts" WHERE "posts"."id" = ? LIMIT ?[0m  [["id", 1], ["LIMIT", 1]]
  ↳ app/controllers/posts_controller.rb:62:in `set_post'
  Rendering layout layouts/application.html.erb
  Rendering posts/show.html.erb within layouts/application
  Rendered posts/show.html.erb within layouts/application (Duration: 3.7ms | Allocations: 378)
[Webpacker] Everything's up-to-date. Nothing to do
  Rendered layout layouts/application.html.erb (Duration: 22.7ms | Allocations: 3493)
Completed 200 OK in 35ms (Views: 25.5ms | ActiveRecord: 0.2ms | Allocations: 5265)


Started GET "/posts/1/edit" for ::1 at 2021-11-05 13:36:43 +0300
Processing by PostsController#edit as HTML
  Parameters: {"id"=>"1"}
  [1m[36mPost Load (0.2ms)[0m  [1m[34mSELECT "posts".* FROM "posts" WHERE "posts"."id" = ? LIMIT ?[0m  [["id", 1], ["LIMIT", 1]]
  ↳ app/controllers/posts_controller.rb:62:in `set_post'
  Rendering layout layouts/application.html.erb
  Rendering posts/edit.html.erb within layouts/application
  Rendered posts/_form.html.erb (Duration: 7.1ms | Allocations: 1231)
  Rendered posts/edit.html.erb within layouts/application (Duration: 9.2ms | Allocations: 1624)
[Webpacker] Everything's up-to-date. Nothing to do
  Rendered layout layouts/application.html.erb (Duration: 30.0ms | Allocations: 5131)
Completed 200 OK in 40ms (Views: 32.8ms | ActiveRecord: 0.2ms | Allocations: 6263)


Started PATCH "/posts/1" for ::1 at 2021-11-05 13:36:48 +0300
Processing by PostsController#update as HTML
  Parameters: {"authenticity_token"=>"[FILTERED]", "post"=>{"title"=>"Doğa Nedir?", "body"=>"Doğa, natür veya tabiat; en geniş tanımıyla doğal, fiziksel, maddi dünya ve aslında tüm evrendir. Doğa, fiziksel dünyanın olgusunu ve genel olarak yaşamı belirtmek için de kullanılır. Doğayı inceleyen bilim alt kümesine doğa bilimleri denir.", "comment"=>"Harikaa"}, "commit"=>"Update Post", "id"=>"1"}
  [1m[36mPost Load (0.2ms)[0m  [1m[34mSELECT "posts".* FROM "posts" WHERE "posts"."id" = ? LIMIT ?[0m  [["id", 1], ["LIMIT", 1]]
  ↳ app/controllers/posts_controller.rb:62:in `set_post'
  [1m[36mTRANSACTION (0.1ms)[0m  [1m[36mbegin transaction[0m
  ↳ app/controllers/posts_controller.rb:40:in `block in update'
  [1m[36mPost Update (0.5ms)[0m  [1m[33mUPDATE "posts" SET "body" = ?, "comment" = ?, "updated_at" = ? WHERE "posts"."id" = ?[0m  [["body", "Doğa, natür veya tabiat; en geniş tanımıyla doğal, fiziksel, maddi dünya ve aslında tüm evrendir. Doğa, fiziksel dünyanın olgusunu ve genel olarak yaşamı belirtmek için de kullanılır. Doğayı inceleyen bilim alt kümesine doğa bilimleri denir."], ["comment", "Harikaa"], ["updated_at", "2021-11-05 10:36:48.371342"], ["id", 1]]
  ↳ app/controllers/posts_controller.rb:40:in `block in update'
  [1m[36mTRANSACTION (10.1ms)[0m  [1m[36mcommit transaction[0m
  ↳ app/controllers/posts_controller.rb:40:in `block in update'
Redirected to http://localhost:3000/posts/1
Completed 302 Found in 58ms (ActiveRecord: 10.8ms | Allocations: 5044)


Started GET "/posts/1" for ::1 at 2021-11-05 13:36:48 +0300
Processing by PostsController#show as HTML
  Parameters: {"id"=>"1"}
  [1m[36mPost Load (0.3ms)[0m  [1m[34mSELECT "posts".* FROM "posts" WHERE "posts"."id" = ? LIMIT ?[0m  [["id", 1], ["LIMIT", 1]]
  ↳ app/controllers/posts_controller.rb:62:in `set_post'
  Rendering layout layouts/application.html.erb
  Rendering posts/show.html.erb within layouts/application
  Rendered posts/show.html.erb within layouts/application (Duration: 0.6ms | Allocations: 156)
[Webpacker] Everything's up-to-date. Nothing to do
  Rendered layout layouts/application.html.erb (Duration: 10.0ms | Allocations: 3026)
Completed 200 OK in 20ms (Views: 12.1ms | ActiveRecord: 0.3ms | Allocations: 4033)


Started GET "/posts" for ::1 at 2021-11-05 13:36:49 +0300
Processing by PostsController#index as HTML
  Rendering layout layouts/application.html.erb
  Rendering posts/index.html.erb within layouts/application
  [1m[36mPost Load (0.2ms)[0m  [1m[34mSELECT "posts".* FROM "posts"[0m
  ↳ app/views/posts/index.html.erb:4
  Rendered posts/index.html.erb within layouts/application (Duration: 10.6ms | Allocations: 1183)
[Webpacker] Everything's up-to-date. Nothing to do
  Rendered layout layouts/application.html.erb (Duration: 32.7ms | Allocations: 4684)
Completed 200 OK in 39ms (Views: 34.3ms | ActiveRecord: 0.2ms | Allocations: 5275)


Started GET "/posts/2" for ::1 at 2021-11-05 13:36:50 +0300
Processing by PostsController#show as HTML
  Parameters: {"id"=>"2"}
  [1m[36mPost Load (0.3ms)[0m  [1m[34mSELECT "posts".* FROM "posts" WHERE "posts"."id" = ? LIMIT ?[0m  [["id", 2], ["LIMIT", 1]]
  ↳ app/controllers/posts_controller.rb:62:in `set_post'
  Rendering layout layouts/application.html.erb
  Rendering posts/show.html.erb within layouts/application
  Rendered posts/show.html.erb within layouts/application (Duration: 0.8ms | Allocations: 152)
[Webpacker] Everything's up-to-date. Nothing to do
  Rendered layout layouts/application.html.erb (Duration: 20.9ms | Allocations: 3646)
Completed 200 OK in 34ms (Views: 26.6ms | ActiveRecord: 0.3ms | Allocations: 4648)


Started GET "/posts/2/edit" for ::1 at 2021-11-05 13:37:04 +0300
Processing by PostsController#edit as HTML
  Parameters: {"id"=>"2"}
  [1m[36mPost Load (0.3ms)[0m  [1m[34mSELECT "posts".* FROM "posts" WHERE "posts"."id" = ? LIMIT ?[0m  [["id", 2], ["LIMIT", 1]]
  ↳ app/controllers/posts_controller.rb:62:in `set_post'
  Rendering layout layouts/application.html.erb
  Rendering posts/edit.html.erb within layouts/application
  Rendered posts/_form.html.erb (Duration: 4.7ms | Allocations: 877)
  Rendered posts/edit.html.erb within layouts/application (Duration: 5.6ms | Allocations: 1016)
[Webpacker] Everything's up-to-date. Nothing to do
  Rendered layout layouts/application.html.erb (Duration: 19.6ms | Allocations: 3874)
Completed 200 OK in 30ms (Views: 22.5ms | ActiveRecord: 0.3ms | Allocations: 4877)


Started PATCH "/posts/2" for ::1 at 2021-11-05 13:37:06 +0300
Processing by PostsController#update as HTML
  Parameters: {"authenticity_token"=>"[FILTERED]", "post"=>{"title"=>"Yaşam Nedir?", "body"=>"Yaşam veya hayat, biyolojik açıdan, kimyasal reaksiyonlar veya bir dönüşümle sonuçlanan başka olaylar gibi bazı biyolojik süreçler gösteren organizmaların bir özelliğidir. Organik maddeler gelişme ve üreme yeteneklerine sahiptir.", "comment"=>"Çok güzelll"}, "commit"=>"Update Post", "id"=>"2"}
  [1m[36mPost Load (0.2ms)[0m  [1m[34mSELECT "posts".* FROM "posts" WHERE "posts"."id" = ? LIMIT ?[0m  [["id", 2], ["LIMIT", 1]]
  ↳ app/controllers/posts_controller.rb:62:in `set_post'
  [1m[36mTRANSACTION (0.1ms)[0m  [1m[36mbegin transaction[0m
  ↳ app/controllers/posts_controller.rb:40:in `block in update'
  [1m[36mPost Update (13.5ms)[0m  [1m[33mUPDATE "posts" SET "body" = ?, "updated_at" = ? WHERE "posts"."id" = ?[0m  [["body", "Yaşam veya hayat, biyolojik açıdan, kimyasal reaksiyonlar veya bir dönüşümle sonuçlanan başka olaylar gibi bazı biyolojik süreçler gösteren organizmaların bir özelliğidir. Organik maddeler gelişme ve üreme yeteneklerine sahiptir."], ["updated_at", "2021-11-05 10:37:06.389005"], ["id", 2]]
  ↳ app/controllers/posts_controller.rb:40:in `block in update'
  [1m[36mTRANSACTION (50.7ms)[0m  [1m[36mcommit transaction[0m
  ↳ app/controllers/posts_controller.rb:40:in `block in update'
Redirected to http://localhost:3000/posts/2
Completed 302 Found in 103ms (ActiveRecord: 64.5ms | Allocations: 5040)


Started GET "/posts/2" for ::1 at 2021-11-05 13:37:06 +0300
Processing by PostsController#show as HTML
  Parameters: {"id"=>"2"}
  [1m[36mPost Load (0.2ms)[0m  [1m[34mSELECT "posts".* FROM "posts" WHERE "posts"."id" = ? LIMIT ?[0m  [["id", 2], ["LIMIT", 1]]
  ↳ app/controllers/posts_controller.rb:62:in `set_post'
  Rendering layout layouts/application.html.erb
  Rendering posts/show.html.erb within layouts/application
  Rendered posts/show.html.erb within layouts/application (Duration: 0.9ms | Allocations: 156)
[Webpacker] Everything's up-to-date. Nothing to do
  Rendered layout layouts/application.html.erb (Duration: 25.5ms | Allocations: 3026)
Completed 200 OK in 35ms (Views: 28.4ms | ActiveRecord: 0.2ms | Allocations: 4334)


Started GET "/posts" for ::1 at 2021-11-05 13:37:07 +0300
Processing by PostsController#index as HTML
  Rendering layout layouts/application.html.erb
  Rendering posts/index.html.erb within layouts/application
  [1m[36mPost Load (0.2ms)[0m  [1m[34mSELECT "posts".* FROM "posts"[0m
  ↳ app/views/posts/index.html.erb:4
  Rendered posts/index.html.erb within layouts/application (Duration: 6.4ms | Allocations: 1013)
[Webpacker] Everything's up-to-date. Nothing to do
  Rendered layout layouts/application.html.erb (Duration: 16.5ms | Allocations: 3883)
Completed 200 OK in 18ms (Views: 17.1ms | ActiveRecord: 0.2ms | Allocations: 4345)


Started GET "/posts/3" for ::1 at 2021-11-05 13:37:08 +0300
Processing by PostsController#show as HTML
  Parameters: {"id"=>"3"}
  [1m[36mPost Load (1.0ms)[0m  [1m[34mSELECT "posts".* FROM "posts" WHERE "posts"."id" = ? LIMIT ?[0m  [["id", 3], ["LIMIT", 1]]
  ↳ app/controllers/posts_controller.rb:62:in `set_post'
  Rendering layout layouts/application.html.erb
  Rendering posts/show.html.erb within layouts/application
  Rendered posts/show.html.erb within layouts/application (Duration: 0.9ms | Allocations: 152)
[Webpacker] Everything's up-to-date. Nothing to do
  Rendered layout layouts/application.html.erb (Duration: 14.0ms | Allocations: 3027)
Completed 200 OK in 21ms (Views: 15.1ms | ActiveRecord: 1.0ms | Allocations: 4029)


Started GET "/posts/3/edit" for ::1 at 2021-11-05 13:37:21 +0300
Processing by PostsController#edit as HTML
  Parameters: {"id"=>"3"}
  [1m[36mPost Load (0.2ms)[0m  [1m[34mSELECT "posts".* FROM "posts" WHERE "posts"."id" = ? LIMIT ?[0m  [["id", 3], ["LIMIT", 1]]
  ↳ app/controllers/posts_controller.rb:62:in `set_post'
  Rendering layout layouts/application.html.erb
  Rendering posts/edit.html.erb within layouts/application
  Rendered posts/_form.html.erb (Duration: 6.5ms | Allocations: 876)
  Rendered posts/edit.html.erb within layouts/application (Duration: 7.8ms | Allocations: 1015)
[Webpacker] Everything's up-to-date. Nothing to do
  Rendered layout layouts/application.html.erb (Duration: 24.9ms | Allocations: 4512)
Completed 200 OK in 33ms (Views: 27.4ms | ActiveRecord: 0.2ms | Allocations: 5515)


Started PATCH "/posts/3" for ::1 at 2021-11-05 13:37:23 +0300
Processing by PostsController#update as HTML
  Parameters: {"authenticity_token"=>"[FILTERED]", "post"=>{"title"=>"İnsan, Doğa ve Yaşam", "body"=>"ilimsel araştırmalar neticesinde yaşam somut olmayan temel bir kavrama bağlı olduğu kısıtlı bilgiler ışığında değerlendirilebilir. Yaşam bize çeşitli varlıkları tanıtmaya yarar ve böylece bilimsel araştırılmasını sağlamaktadır. Bütün canlıları (bitkiler, hayvanlar ve insan) inceleyen, araştıran bilim dalında biyoloji adı verilmektedir.[1] Araştırmacı belgesel yönetmeni Gül Tekin Gün,Yaşam Biyoloji yönü ile değerlendirildiğinde biyolojik süreçler sonucu organizmaların üremeden sonraki dönemde canlı varlıkların yaşadığı süreç olduğu bilinmektedir. Fakat bilimsel araştırmalar yaşamı tanımlama konusunda uzun süredir araştırma yapmaktadır", "comment"=>"Harikaa"}, "commit"=>"Update Post", "id"=>"3"}
  [1m[36mPost Load (0.4ms)[0m  [1m[34mSELECT "posts".* FROM "posts" WHERE "posts"."id" = ? LIMIT ?[0m  [["id", 3], ["LIMIT", 1]]
  ↳ app/controllers/posts_controller.rb:62:in `set_post'
  [1m[36mTRANSACTION (0.1ms)[0m  [1m[36mbegin transaction[0m
  ↳ app/controllers/posts_controller.rb:40:in `block in update'
  [1m[36mPost Update (12.1ms)[0m  [1m[33mUPDATE "posts" SET "body" = ?, "updated_at" = ? WHERE "posts"."id" = ?[0m  [["body", "ilimsel araştırmalar neticesinde yaşam somut olmayan temel bir kavrama bağlı olduğu kısıtlı bilgiler ışığında değerlendirilebilir. Yaşam bize çeşitli varlıkları tanıtmaya yarar ve böylece bilimsel araştırılmasını sağlamaktadır. Bütün canlıları (bitkiler, hayvanlar ve insan) inceleyen, araştıran bilim dalında biyoloji adı verilmektedir.[1] Araştırmacı belgesel yönetmeni Gül Tekin Gün,Yaşam Biyoloji yönü ile değerlendirildiğinde biyolojik süreçler sonucu organizmaların üremeden sonraki dönemde canlı varlıkların yaşadığı süreç olduğu bilinmektedir. Fakat bilimsel araştırmalar yaşamı tanımlama konusunda uzun süredir araştırma yapmaktadır"], ["updated_at", "2021-11-05 10:37:23.666033"], ["id", 3]]
  ↳ app/controllers/posts_controller.rb:40:in `block in update'
  [1m[36mTRANSACTION (27.3ms)[0m  [1m[36mcommit transaction[0m
  ↳ app/controllers/posts_controller.rb:40:in `block in update'
Redirected to http://localhost:3000/posts/3
Completed 302 Found in 76ms (ActiveRecord: 39.8ms | Allocations: 5035)


Started GET "/posts/3" for ::1 at 2021-11-05 13:37:23 +0300
Processing by PostsController#show as HTML
  Parameters: {"id"=>"3"}
  [1m[36mPost Load (0.2ms)[0m  [1m[34mSELECT "posts".* FROM "posts" WHERE "posts"."id" = ? LIMIT ?[0m  [["id", 3], ["LIMIT", 1]]
  ↳ app/controllers/posts_controller.rb:62:in `set_post'
  Rendering layout layouts/application.html.erb
  Rendering posts/show.html.erb within layouts/application
  Rendered posts/show.html.erb within layouts/application (Duration: 1.5ms | Allocations: 156)
[Webpacker] Everything's up-to-date. Nothing to do
  Rendered layout layouts/application.html.erb (Duration: 20.1ms | Allocations: 3035)
Completed 200 OK in 26ms (Views: 21.9ms | ActiveRecord: 0.2ms | Allocations: 4043)


Started GET "/posts" for ::1 at 2021-11-05 13:37:25 +0300
Processing by PostsController#index as HTML
  Rendering layout layouts/application.html.erb
  Rendering posts/index.html.erb within layouts/application
  [1m[36mPost Load (0.2ms)[0m  [1m[34mSELECT "posts".* FROM "posts"[0m
  ↳ app/views/posts/index.html.erb:4
  Rendered posts/index.html.erb within layouts/application (Duration: 8.5ms | Allocations: 1021)
[Webpacker] Everything's up-to-date. Nothing to do
  Rendered layout layouts/application.html.erb (Duration: 18.5ms | Allocations: 3900)
Completed 200 OK in 21ms (Views: 19.6ms | ActiveRecord: 0.2ms | Allocations: 4361)


Started GET "/posts" for ::1 at 2021-11-05 13:47:10 +0300
  [1m[35m (0.8ms)[0m  [1m[34mSELECT sqlite_version(*)[0m
  [1m[35m (0.2ms)[0m  [1m[34mSELECT "schema_migrations"."version" FROM "schema_migrations" ORDER BY "schema_migrations"."version" ASC[0m
Processing by PostsController#index as HTML
  Rendering layout layouts/application.html.erb
  Rendering posts/index.html.erb within layouts/application
  [1m[36mPost Load (0.8ms)[0m  [1m[34mSELECT "posts".* FROM "posts"[0m
  ↳ app/views/posts/index.html.erb:4
  Rendered posts/index.html.erb within layouts/application (Duration: 43.4ms | Allocations: 6221)
[Webpacker] Everything's up-to-date. Nothing to do
  Rendered layout layouts/application.html.erb (Duration: 74.3ms | Allocations: 11952)
Completed 200 OK in 106ms (Views: 77.8ms | ActiveRecord: 4.1ms | Allocations: 15584)


Started GET "/posts/1" for ::1 at 2021-11-05 13:47:12 +0300
Processing by PostsController#show as HTML
  Parameters: {"id"=>"1"}
  [1m[36mPost Load (0.8ms)[0m  [1m[34mSELECT "posts".* FROM "posts" WHERE "posts"."id" = ? LIMIT ?[0m  [["id", 1], ["LIMIT", 1]]
  ↳ app/controllers/posts_controller.rb:62:in `set_post'
  Rendering layout layouts/application.html.erb
  Rendering posts/show.html.erb within layouts/application
  Rendered posts/show.html.erb within layouts/application (Duration: 1.9ms | Allocations: 392)
[Webpacker] Everything's up-to-date. Nothing to do
  Rendered layout layouts/application.html.erb (Duration: 19.9ms | Allocations: 3901)
Completed 200 OK in 35ms (Views: 23.8ms | ActiveRecord: 0.8ms | Allocations: 5668)


Started GET "/posts/1" for ::1 at 2021-11-05 14:07:31 +0300
  [1m[35m (1.0ms)[0m  [1m[34mSELECT sqlite_version(*)[0m
  [1m[35m (14.0ms)[0m  [1m[35mCREATE TABLE "schema_migrations" ("version" varchar NOT NULL PRIMARY KEY)[0m
  [1m[35m (8.5ms)[0m  [1m[35mCREATE TABLE "ar_internal_metadata" ("key" varchar NOT NULL PRIMARY KEY, "value" varchar, "created_at" datetime(6) NOT NULL, "updated_at" datetime(6) NOT NULL)[0m
  [1m[35m (0.9ms)[0m  [1m[34mSELECT "schema_migrations"."version" FROM "schema_migrations" ORDER BY "schema_migrations"."version" ASC[0m
  
ActiveRecord::PendingMigrationError (

Migrations are pending. To resolve this issue, run:

        bin/rails db:migrate RAILS_ENV=development

You have 1 pending migration:

20211105100205_create_posts.rb


):
  
activerecord (6.1.4.1) lib/active_record/migration.rb:625:in `check_pending!'
activerecord (6.1.4.1) lib/active_record/migration.rb:590:in `block (2 levels) in call'
activesupport (6.1.4.1) lib/active_support/evented_file_update_checker.rb:59:in `execute'
activerecord (6.1.4.1) lib/active_record/migration.rb:595:in `block in call'
activerecord (6.1.4.1) lib/active_record/migration.rb:587:in `synchronize'
activerecord (6.1.4.1) lib/active_record/migration.rb:587:in `call'
actionpack (6.1.4.1) lib/action_dispatch/middleware/callbacks.rb:27:in `block in call'
activesupport (6.1.4.1) lib/active_support/callbacks.rb:98:in `run_callbacks'
actionpack (6.1.4.1) lib/action_dispatch/middleware/callbacks.rb:26:in `call'
actionpack (6.1.4.1) lib/action_dispatch/middleware/executor.rb:14:in `call'
actionpack (6.1.4.1) lib/action_dispatch/middleware/actionable_exceptions.rb:18:in `call'
actionpack (6.1.4.1) lib/action_dispatch/middleware/debug_exceptions.rb:29:in `call'
web-console (4.1.0) lib/web_console/middleware.rb:132:in `call_app'
web-console (4.1.0) lib/web_console/middleware.rb:28:in `block in call'
web-console (4.1.0) lib/web_console/middleware.rb:17:in `catch'
web-console (4.1.0) lib/web_console/middleware.rb:17:in `call'
actionpack (6.1.4.1) lib/action_dispatch/middleware/show_exceptions.rb:33:in `call'
railties (6.1.4.1) lib/rails/rack/logger.rb:37:in `call_app'
railties (6.1.4.1) lib/rails/rack/logger.rb:26:in `block in call'
activesupport (6.1.4.1) lib/active_support/tagged_logging.rb:99:in `block in tagged'
activesupport (6.1.4.1) lib/active_support/tagged_logging.rb:37:in `tagged'
activesupport (6.1.4.1) lib/active_support/tagged_logging.rb:99:in `tagged'
railties (6.1.4.1) lib/rails/rack/logger.rb:26:in `call'
sprockets-rails (3.2.2) lib/sprockets/rails/quiet_assets.rb:13:in `call'
actionpack (6.1.4.1) lib/action_dispatch/middleware/remote_ip.rb:81:in `call'
actionpack (6.1.4.1) lib/action_dispatch/middleware/request_id.rb:26:in `call'
rack (2.2.3) lib/rack/method_override.rb:24:in `call'
rack (2.2.3) lib/rack/runtime.rb:22:in `call'
activesupport (6.1.4.1) lib/active_support/cache/strategy/local_cache_middleware.rb:29:in `call'
actionpack (6.1.4.1) lib/action_dispatch/middleware/executor.rb:14:in `call'
actionpack (6.1.4.1) lib/action_dispatch/middleware/static.rb:24:in `call'
rack (2.2.3) lib/rack/sendfile.rb:110:in `call'
actionpack (6.1.4.1) lib/action_dispatch/middleware/host_authorization.rb:98:in `call'
rack-mini-profiler (2.3.3) lib/mini_profiler/profiler.rb:393:in `call'
webpacker (5.4.3) lib/webpacker/dev_server_proxy.rb:25:in `perform_request'
rack-proxy (0.7.0) lib/rack/proxy.rb:63:in `call'
railties (6.1.4.1) lib/rails/engine.rb:539:in `call'
puma (5.5.2) lib/puma/configuration.rb:249:in `call'
puma (5.5.2) lib/puma/request.rb:77:in `block in handle_request'
puma (5.5.2) lib/puma/thread_pool.rb:340:in `with_force_shutdown'
puma (5.5.2) lib/puma/request.rb:76:in `handle_request'
puma (5.5.2) lib/puma/server.rb:447:in `process_client'
puma (5.5.2) lib/puma/thread_pool.rb:147:in `block in spawn_thread'
Started GET "/posts" for ::1 at 2021-11-05 14:07:38 +0300
  [1m[35m (0.2ms)[0m  [1m[34mSELECT "schema_migrations"."version" FROM "schema_migrations" ORDER BY "schema_migrations"."version" ASC[0m
  [1m[35mCACHE  (0.0ms)[0m  [1m[34mSELECT "schema_migrations"."version" FROM "schema_migrations" ORDER BY "schema_migrations"."version" ASC[0m
  
ActiveRecord::PendingMigrationError (

Migrations are pending. To resolve this issue, run:

        bin/rails db:migrate RAILS_ENV=development

You have 1 pending migration:

20211105100205_create_posts.rb


):
  
activerecord (6.1.4.1) lib/active_record/migration.rb:625:in `check_pending!'
activerecord (6.1.4.1) lib/active_record/migration.rb:590:in `block (2 levels) in call'
activesupport (6.1.4.1) lib/active_support/evented_file_update_checker.rb:59:in `execute'
activerecord (6.1.4.1) lib/active_record/migration.rb:595:in `block in call'
activerecord (6.1.4.1) lib/active_record/migration.rb:587:in `synchronize'
activerecord (6.1.4.1) lib/active_record/migration.rb:587:in `call'
actionpack (6.1.4.1) lib/action_dispatch/middleware/callbacks.rb:27:in `block in call'
activesupport (6.1.4.1) lib/active_support/callbacks.rb:98:in `run_callbacks'
actionpack (6.1.4.1) lib/action_dispatch/middleware/callbacks.rb:26:in `call'
actionpack (6.1.4.1) lib/action_dispatch/middleware/executor.rb:14:in `call'
actionpack (6.1.4.1) lib/action_dispatch/middleware/actionable_exceptions.rb:18:in `call'
actionpack (6.1.4.1) lib/action_dispatch/middleware/debug_exceptions.rb:29:in `call'
web-console (4.1.0) lib/web_console/middleware.rb:132:in `call_app'
web-console (4.1.0) lib/web_console/middleware.rb:28:in `block in call'
web-console (4.1.0) lib/web_console/middleware.rb:17:in `catch'
web-console (4.1.0) lib/web_console/middleware.rb:17:in `call'
actionpack (6.1.4.1) lib/action_dispatch/middleware/show_exceptions.rb:33:in `call'
railties (6.1.4.1) lib/rails/rack/logger.rb:37:in `call_app'
railties (6.1.4.1) lib/rails/rack/logger.rb:26:in `block in call'
activesupport (6.1.4.1) lib/active_support/tagged_logging.rb:99:in `block in tagged'
activesupport (6.1.4.1) lib/active_support/tagged_logging.rb:37:in `tagged'
activesupport (6.1.4.1) lib/active_support/tagged_logging.rb:99:in `tagged'
railties (6.1.4.1) lib/rails/rack/logger.rb:26:in `call'
sprockets-rails (3.2.2) lib/sprockets/rails/quiet_assets.rb:13:in `call'
actionpack (6.1.4.1) lib/action_dispatch/middleware/remote_ip.rb:81:in `call'
actionpack (6.1.4.1) lib/action_dispatch/middleware/request_id.rb:26:in `call'
rack (2.2.3) lib/rack/method_override.rb:24:in `call'
rack (2.2.3) lib/rack/runtime.rb:22:in `call'
activesupport (6.1.4.1) lib/active_support/cache/strategy/local_cache_middleware.rb:29:in `call'
actionpack (6.1.4.1) lib/action_dispatch/middleware/executor.rb:14:in `call'
actionpack (6.1.4.1) lib/action_dispatch/middleware/static.rb:24:in `call'
rack (2.2.3) lib/rack/sendfile.rb:110:in `call'
actionpack (6.1.4.1) lib/action_dispatch/middleware/host_authorization.rb:98:in `call'
rack-mini-profiler (2.3.3) lib/mini_profiler/profiler.rb:393:in `call'
webpacker (5.4.3) lib/webpacker/dev_server_proxy.rb:25:in `perform_request'
rack-proxy (0.7.0) lib/rack/proxy.rb:63:in `call'
railties (6.1.4.1) lib/rails/engine.rb:539:in `call'
puma (5.5.2) lib/puma/configuration.rb:249:in `call'
puma (5.5.2) lib/puma/request.rb:77:in `block in handle_request'
puma (5.5.2) lib/puma/thread_pool.rb:340:in `with_force_shutdown'
puma (5.5.2) lib/puma/request.rb:76:in `handle_request'
puma (5.5.2) lib/puma/server.rb:447:in `process_client'
puma (5.5.2) lib/puma/thread_pool.rb:147:in `block in spawn_thread'
Started GET "/posts" for ::1 at 2021-11-05 14:08:05 +0300
  [1m[35m (0.2ms)[0m  [1m[34mSELECT "schema_migrations"."version" FROM "schema_migrations" ORDER BY "schema_migrations"."version" ASC[0m
  [1m[35mCACHE  (0.1ms)[0m  [1m[34mSELECT "schema_migrations"."version" FROM "schema_migrations" ORDER BY "schema_migrations"."version" ASC[0m
  
ActiveRecord::PendingMigrationError (

Migrations are pending. To resolve this issue, run:

        bin/rails db:migrate RAILS_ENV=development

You have 1 pending migration:

20211105100205_create_posts.rb


):
  
activerecord (6.1.4.1) lib/active_record/migration.rb:625:in `check_pending!'
activerecord (6.1.4.1) lib/active_record/migration.rb:590:in `block (2 levels) in call'
activesupport (6.1.4.1) lib/active_support/evented_file_update_checker.rb:59:in `execute'
activerecord (6.1.4.1) lib/active_record/migration.rb:595:in `block in call'
activerecord (6.1.4.1) lib/active_record/migration.rb:587:in `synchronize'
activerecord (6.1.4.1) lib/active_record/migration.rb:587:in `call'
actionpack (6.1.4.1) lib/action_dispatch/middleware/callbacks.rb:27:in `block in call'
activesupport (6.1.4.1) lib/active_support/callbacks.rb:98:in `run_callbacks'
actionpack (6.1.4.1) lib/action_dispatch/middleware/callbacks.rb:26:in `call'
actionpack (6.1.4.1) lib/action_dispatch/middleware/executor.rb:14:in `call'
actionpack (6.1.4.1) lib/action_dispatch/middleware/actionable_exceptions.rb:18:in `call'
actionpack (6.1.4.1) lib/action_dispatch/middleware/debug_exceptions.rb:29:in `call'
web-console (4.1.0) lib/web_console/middleware.rb:132:in `call_app'
web-console (4.1.0) lib/web_console/middleware.rb:28:in `block in call'
web-console (4.1.0) lib/web_console/middleware.rb:17:in `catch'
web-console (4.1.0) lib/web_console/middleware.rb:17:in `call'
actionpack (6.1.4.1) lib/action_dispatch/middleware/show_exceptions.rb:33:in `call'
railties (6.1.4.1) lib/rails/rack/logger.rb:37:in `call_app'
railties (6.1.4.1) lib/rails/rack/logger.rb:26:in `block in call'
activesupport (6.1.4.1) lib/active_support/tagged_logging.rb:99:in `block in tagged'
activesupport (6.1.4.1) lib/active_support/tagged_logging.rb:37:in `tagged'
activesupport (6.1.4.1) lib/active_support/tagged_logging.rb:99:in `tagged'
railties (6.1.4.1) lib/rails/rack/logger.rb:26:in `call'
sprockets-rails (3.2.2) lib/sprockets/rails/quiet_assets.rb:13:in `call'
actionpack (6.1.4.1) lib/action_dispatch/middleware/remote_ip.rb:81:in `call'
actionpack (6.1.4.1) lib/action_dispatch/middleware/request_id.rb:26:in `call'
rack (2.2.3) lib/rack/method_override.rb:24:in `call'
rack (2.2.3) lib/rack/runtime.rb:22:in `call'
activesupport (6.1.4.1) lib/active_support/cache/strategy/local_cache_middleware.rb:29:in `call'
actionpack (6.1.4.1) lib/action_dispatch/middleware/executor.rb:14:in `call'
actionpack (6.1.4.1) lib/action_dispatch/middleware/static.rb:24:in `call'
rack (2.2.3) lib/rack/sendfile.rb:110:in `call'
actionpack (6.1.4.1) lib/action_dispatch/middleware/host_authorization.rb:98:in `call'
rack-mini-profiler (2.3.3) lib/mini_profiler/profiler.rb:393:in `call'
webpacker (5.4.3) lib/webpacker/dev_server_proxy.rb:25:in `perform_request'
rack-proxy (0.7.0) lib/rack/proxy.rb:63:in `call'
railties (6.1.4.1) lib/rails/engine.rb:539:in `call'
puma (5.5.2) lib/puma/configuration.rb:249:in `call'
puma (5.5.2) lib/puma/request.rb:77:in `block in handle_request'
puma (5.5.2) lib/puma/thread_pool.rb:340:in `with_force_shutdown'
puma (5.5.2) lib/puma/request.rb:76:in `handle_request'
puma (5.5.2) lib/puma/server.rb:447:in `process_client'
puma (5.5.2) lib/puma/thread_pool.rb:147:in `block in spawn_thread'
Started GET "/posts" for ::1 at 2021-11-05 14:08:26 +0300
  [1m[35m (0.6ms)[0m  [1m[34mSELECT "schema_migrations"."version" FROM "schema_migrations" ORDER BY "schema_migrations"."version" ASC[0m
  [1m[35mCACHE  (0.1ms)[0m  [1m[34mSELECT "schema_migrations"."version" FROM "schema_migrations" ORDER BY "schema_migrations"."version" ASC[0m
  
ActiveRecord::PendingMigrationError (

Migrations are pending. To resolve this issue, run:

        bin/rails db:migrate RAILS_ENV=development

You have 1 pending migration:

20211105100205_create_posts.rb


):
  
activerecord (6.1.4.1) lib/active_record/migration.rb:625:in `check_pending!'
activerecord (6.1.4.1) lib/active_record/migration.rb:590:in `block (2 levels) in call'
activesupport (6.1.4.1) lib/active_support/evented_file_update_checker.rb:59:in `execute'
activerecord (6.1.4.1) lib/active_record/migration.rb:595:in `block in call'
activerecord (6.1.4.1) lib/active_record/migration.rb:587:in `synchronize'
activerecord (6.1.4.1) lib/active_record/migration.rb:587:in `call'
actionpack (6.1.4.1) lib/action_dispatch/middleware/callbacks.rb:27:in `block in call'
activesupport (6.1.4.1) lib/active_support/callbacks.rb:98:in `run_callbacks'
actionpack (6.1.4.1) lib/action_dispatch/middleware/callbacks.rb:26:in `call'
actionpack (6.1.4.1) lib/action_dispatch/middleware/executor.rb:14:in `call'
actionpack (6.1.4.1) lib/action_dispatch/middleware/actionable_exceptions.rb:18:in `call'
actionpack (6.1.4.1) lib/action_dispatch/middleware/debug_exceptions.rb:29:in `call'
web-console (4.1.0) lib/web_console/middleware.rb:132:in `call_app'
web-console (4.1.0) lib/web_console/middleware.rb:28:in `block in call'
web-console (4.1.0) lib/web_console/middleware.rb:17:in `catch'
web-console (4.1.0) lib/web_console/middleware.rb:17:in `call'
actionpack (6.1.4.1) lib/action_dispatch/middleware/show_exceptions.rb:33:in `call'
railties (6.1.4.1) lib/rails/rack/logger.rb:37:in `call_app'
railties (6.1.4.1) lib/rails/rack/logger.rb:26:in `block in call'
activesupport (6.1.4.1) lib/active_support/tagged_logging.rb:99:in `block in tagged'
activesupport (6.1.4.1) lib/active_support/tagged_logging.rb:37:in `tagged'
activesupport (6.1.4.1) lib/active_support/tagged_logging.rb:99:in `tagged'
railties (6.1.4.1) lib/rails/rack/logger.rb:26:in `call'
sprockets-rails (3.2.2) lib/sprockets/rails/quiet_assets.rb:13:in `call'
actionpack (6.1.4.1) lib/action_dispatch/middleware/remote_ip.rb:81:in `call'
actionpack (6.1.4.1) lib/action_dispatch/middleware/request_id.rb:26:in `call'
rack (2.2.3) lib/rack/method_override.rb:24:in `call'
rack (2.2.3) lib/rack/runtime.rb:22:in `call'
activesupport (6.1.4.1) lib/active_support/cache/strategy/local_cache_middleware.rb:29:in `call'
actionpack (6.1.4.1) lib/action_dispatch/middleware/executor.rb:14:in `call'
actionpack (6.1.4.1) lib/action_dispatch/middleware/static.rb:24:in `call'
rack (2.2.3) lib/rack/sendfile.rb:110:in `call'
actionpack (6.1.4.1) lib/action_dispatch/middleware/host_authorization.rb:98:in `call'
rack-mini-profiler (2.3.3) lib/mini_profiler/profiler.rb:393:in `call'
webpacker (5.4.3) lib/webpacker/dev_server_proxy.rb:25:in `perform_request'
rack-proxy (0.7.0) lib/rack/proxy.rb:63:in `call'
railties (6.1.4.1) lib/rails/engine.rb:539:in `call'
puma (5.5.2) lib/puma/configuration.rb:249:in `call'
puma (5.5.2) lib/puma/request.rb:77:in `block in handle_request'
puma (5.5.2) lib/puma/thread_pool.rb:340:in `with_force_shutdown'
puma (5.5.2) lib/puma/request.rb:76:in `handle_request'
puma (5.5.2) lib/puma/server.rb:447:in `process_client'
puma (5.5.2) lib/puma/thread_pool.rb:147:in `block in spawn_thread'
Started POST "/rails/actions" for ::1 at 2021-11-05 14:08:31 +0300
  [1m[35m (0.3ms)[0m  [1m[34mSELECT "schema_migrations"."version" FROM "schema_migrations" ORDER BY "schema_migrations"."version" ASC[0m
Migrating to CreatePosts (20211105100205)
  [1m[36mTRANSACTION (0.2ms)[0m  [1m[36mbegin transaction[0m
  [1m[35m (0.8ms)[0m  [1m[35mCREATE TABLE "posts" ("id" integer PRIMARY KEY AUTOINCREMENT NOT NULL, "title" varchar, "body" text, "comment" text, "created_at" datetime(6) NOT NULL, "updated_at" datetime(6) NOT NULL)[0m
  [1m[36mActiveRecord::SchemaMigration Create (11.9ms)[0m  [1m[32mINSERT INTO "schema_migrations" ("version") VALUES (?)[0m  [["version", "20211105100205"]]
  [1m[36mTRANSACTION (34.0ms)[0m  [1m[36mcommit transaction[0m
  [1m[36mActiveRecord::InternalMetadata Load (0.7ms)[0m  [1m[34mSELECT "ar_internal_metadata".* FROM "ar_internal_metadata" WHERE "ar_internal_metadata"."key" = ? LIMIT ?[0m  [["key", "environment"], ["LIMIT", 1]]
  [1m[36mTRANSACTION (0.2ms)[0m  [1m[36mbegin transaction[0m
  [1m[36mActiveRecord::InternalMetadata Create (1.0ms)[0m  [1m[32mINSERT INTO "ar_internal_metadata" ("key", "value", "created_at", "updated_at") VALUES (?, ?, ?, ?)[0m  [["key", "environment"], ["value", "development"], ["created_at", "2021-11-05 11:08:31.935249"], ["updated_at", "2021-11-05 11:08:31.935249"]]
  [1m[36mTRANSACTION (10.0ms)[0m  [1m[36mcommit transaction[0m
  [1m[35m (0.3ms)[0m  [1m[34mSELECT "schema_migrations"."version" FROM "schema_migrations" ORDER BY "schema_migrations"."version" ASC[0m
Started GET "/posts" for ::1 at 2021-11-05 14:08:32 +0300
  [1m[35m (0.1ms)[0m  [1m[34mSELECT "schema_migrations"."version" FROM "schema_migrations" ORDER BY "schema_migrations"."version" ASC[0m
Processing by PostsController#index as HTML
  Rendering layout layouts/application.html.erb
  Rendering posts/index.html.erb within layouts/application
  [1m[36mPost Load (0.5ms)[0m  [1m[34mSELECT "posts".* FROM "posts"[0m
  ↳ app/views/posts/index.html.erb:4
  Rendered posts/index.html.erb within layouts/application (Duration: 7.4ms | Allocations: 1019)
[Webpacker] Everything's up-to-date. Nothing to do
  Rendered layout layouts/application.html.erb (Duration: 37.5ms | Allocations: 6714)
Completed 200 OK in 71ms (Views: 40.3ms | ActiveRecord: 0.5ms | Allocations: 9606)


Started GET "/posts/new" for ::1 at 2021-11-05 14:08:34 +0300
Processing by PostsController#new as HTML
  [1m[35m (0.1ms)[0m  [1m[34mSELECT sqlite_version(*)[0m
  ↳ app/controllers/posts_controller.rb:15:in `new'
  Rendering layout layouts/application.html.erb
  Rendering posts/new.html.erb within layouts/application
  Rendered posts/_form.html.erb (Duration: 11.9ms | Allocations: 3065)
  Rendered posts/new.html.erb within layouts/application (Duration: 16.3ms | Allocations: 3425)
[Webpacker] Everything's up-to-date. Nothing to do
  Rendered layout layouts/application.html.erb (Duration: 28.9ms | Allocations: 6342)
Completed 200 OK in 59ms (Views: 32.7ms | ActiveRecord: 1.5ms | Allocations: 11181)


Started GET "/posts" for ::1 at 2021-11-05 14:08:39 +0300
Processing by PostsController#index as HTML
  Rendering layout layouts/application.html.erb
  Rendering posts/index.html.erb within layouts/application
  [1m[36mPost Load (0.2ms)[0m  [1m[34mSELECT "posts".* FROM "posts"[0m
  ↳ app/views/posts/index.html.erb:4
  Rendered posts/index.html.erb within layouts/application (Duration: 12.3ms | Allocations: 764)
[Webpacker] Everything's up-to-date. Nothing to do
  Rendered layout layouts/application.html.erb (Duration: 25.1ms | Allocations: 3635)
Completed 200 OK in 28ms (Views: 26.9ms | ActiveRecord: 0.2ms | Allocations: 4132)


Started GET "/posts" for ::1 at 2021-11-05 14:08:43 +0300
Processing by PostsController#index as HTML
  Rendering layout layouts/application.html.erb
  Rendering posts/index.html.erb within layouts/application
  [1m[36mPost Load (0.2ms)[0m  [1m[34mSELECT "posts".* FROM "posts"[0m
  ↳ app/views/posts/index.html.erb:4
  Rendered posts/index.html.erb within layouts/application (Duration: 6.8ms | Allocations: 703)
[Webpacker] Everything's up-to-date. Nothing to do
  Rendered layout layouts/application.html.erb (Duration: 27.1ms | Allocations: 3586)
Completed 200 OK in 35ms (Views: 31.9ms | ActiveRecord: 0.2ms | Allocations: 4046)


Started GET "/posts/new" for ::1 at 2021-11-05 14:08:44 +0300
Processing by PostsController#new as HTML
  Rendering layout layouts/application.html.erb
  Rendering posts/new.html.erb within layouts/application
  Rendered posts/_form.html.erb (Duration: 3.7ms | Allocations: 842)
  Rendered posts/new.html.erb within layouts/application (Duration: 4.5ms | Allocations: 953)
[Webpacker] Everything's up-to-date. Nothing to do
  Rendered layout layouts/application.html.erb (Duration: 32.6ms | Allocations: 4438)
Completed 200 OK in 36ms (Views: 35.3ms | ActiveRecord: 0.0ms | Allocations: 4902)


Started POST "/posts" for ::1 at 2021-11-05 14:08:50 +0300
Processing by PostsController#create as HTML
  Parameters: {"authenticity_token"=>"[FILTERED]", "post"=>{"title"=>"Doğa Nedir?", "body"=>"asdadadad", "comment"=>"adasdsa"}, "commit"=>"Create Post"}
  [1m[36mTRANSACTION (0.5ms)[0m  [1m[36mbegin transaction[0m
  ↳ app/controllers/posts_controller.rb:27:in `block in create'
  [1m[36mPost Create (11.0ms)[0m  [1m[32mINSERT INTO "posts" ("title", "body", "comment", "created_at", "updated_at") VALUES (?, ?, ?, ?, ?)[0m  [["title", "Doğa Nedir?"], ["body", "asdadadad"], ["comment", "adasdsa"], ["created_at", "2021-11-05 11:08:50.798444"], ["updated_at", "2021-11-05 11:08:50.798444"]]
  ↳ app/controllers/posts_controller.rb:27:in `block in create'
  [1m[36mTRANSACTION (17.6ms)[0m  [1m[36mcommit transaction[0m
  ↳ app/controllers/posts_controller.rb:27:in `block in create'
Redirected to http://localhost:3000/posts/1
Completed 302 Found in 60ms (ActiveRecord: 29.1ms | Allocations: 4781)


Started GET "/posts/1" for ::1 at 2021-11-05 14:08:50 +0300
Processing by PostsController#show as HTML
  Parameters: {"id"=>"1"}
  [1m[36mPost Load (0.4ms)[0m  [1m[34mSELECT "posts".* FROM "posts" WHERE "posts"."id" = ? LIMIT ?[0m  [["id", 1], ["LIMIT", 1]]
  ↳ app/controllers/posts_controller.rb:62:in `set_post'
  Rendering layout layouts/application.html.erb
  Rendering posts/show.html.erb within layouts/application
  Rendered posts/show.html.erb within layouts/application (Duration: 3.5ms | Allocations: 383)
[Webpacker] Everything's up-to-date. Nothing to do
  Rendered layout layouts/application.html.erb (Duration: 25.8ms | Allocations: 3554)
Completed 200 OK in 46ms (Views: 28.2ms | ActiveRecord: 0.4ms | Allocations: 4894)


Started GET "/posts" for ::1 at 2021-11-05 14:08:52 +0300
Processing by PostsController#index as HTML
  Rendering layout layouts/application.html.erb
  Rendering posts/index.html.erb within layouts/application
  [1m[36mPost Load (0.2ms)[0m  [1m[34mSELECT "posts".* FROM "posts"[0m
  ↳ app/views/posts/index.html.erb:4
  Rendered posts/index.html.erb within layouts/application (Duration: 33.1ms | Allocations: 846)
[Webpacker] Everything's up-to-date. Nothing to do
  Rendered layout layouts/application.html.erb (Duration: 48.0ms | Allocations: 4357)
Completed 200 OK in 51ms (Views: 49.6ms | ActiveRecord: 0.2ms | Allocations: 4818)


Started GET "/posts/new" for ::1 at 2021-11-05 14:08:53 +0300
Processing by PostsController#new as HTML
  Rendering layout layouts/application.html.erb
  Rendering posts/new.html.erb within layouts/application
  Rendered posts/_form.html.erb (Duration: 5.4ms | Allocations: 842)
  Rendered posts/new.html.erb within layouts/application (Duration: 7.0ms | Allocations: 953)
[Webpacker] Everything's up-to-date. Nothing to do
  Rendered layout layouts/application.html.erb (Duration: 25.0ms | Allocations: 4447)
Completed 200 OK in 31ms (Views: 27.3ms | ActiveRecord: 0.0ms | Allocations: 4911)


Started POST "/posts" for ::1 at 2021-11-05 14:09:00 +0300
Processing by PostsController#create as HTML
  Parameters: {"authenticity_token"=>"[FILTERED]", "post"=>{"title"=>"Yaşam Nedir?", "body"=>"adasdsad", "comment"=>"adasdasdas"}, "commit"=>"Create Post"}
  [1m[36mTRANSACTION (0.6ms)[0m  [1m[36mbegin transaction[0m
  ↳ app/controllers/posts_controller.rb:27:in `block in create'
  [1m[36mPost Create (0.5ms)[0m  [1m[32mINSERT INTO "posts" ("title", "body", "comment", "created_at", "updated_at") VALUES (?, ?, ?, ?, ?)[0m  [["title", "Yaşam Nedir?"], ["body", "adasdsad"], ["comment", "adasdasdas"], ["created_at", "2021-11-05 11:09:00.877155"], ["updated_at", "2021-11-05 11:09:00.877155"]]
  ↳ app/controllers/posts_controller.rb:27:in `block in create'
  [1m[36mTRANSACTION (16.3ms)[0m  [1m[36mcommit transaction[0m
  ↳ app/controllers/posts_controller.rb:27:in `block in create'
Redirected to http://localhost:3000/posts/2
Completed 302 Found in 47ms (ActiveRecord: 17.4ms | Allocations: 4430)


Started GET "/posts/2" for ::1 at 2021-11-05 14:09:00 +0300
Processing by PostsController#show as HTML
  Parameters: {"id"=>"2"}
  [1m[36mPost Load (0.3ms)[0m  [1m[34mSELECT "posts".* FROM "posts" WHERE "posts"."id" = ? LIMIT ?[0m  [["id", 2], ["LIMIT", 1]]
  ↳ app/controllers/posts_controller.rb:62:in `set_post'
  Rendering layout layouts/application.html.erb
  Rendering posts/show.html.erb within layouts/application
  Rendered posts/show.html.erb within layouts/application (Duration: 1.0ms | Allocations: 154)
[Webpacker] Everything's up-to-date. Nothing to do
  Rendered layout layouts/application.html.erb (Duration: 16.7ms | Allocations: 3324)
Completed 200 OK in 29ms (Views: 22.0ms | ActiveRecord: 0.3ms | Allocations: 4332)


Started GET "/posts" for ::1 at 2021-11-05 14:09:01 +0300
Processing by PostsController#index as HTML
  Rendering layout layouts/application.html.erb
  Rendering posts/index.html.erb within layouts/application
  [1m[36mPost Load (3.4ms)[0m  [1m[34mSELECT "posts".* FROM "posts"[0m
  ↳ app/views/posts/index.html.erb:4
  Rendered posts/index.html.erb within layouts/application (Duration: 20.7ms | Allocations: 899)
[Webpacker] Everything's up-to-date. Nothing to do
  Rendered layout layouts/application.html.erb (Duration: 33.7ms | Allocations: 3781)
Completed 200 OK in 51ms (Views: 34.6ms | ActiveRecord: 3.4ms | Allocations: 4243)


Started GET "/posts/new" for ::1 at 2021-11-05 14:09:03 +0300
Processing by PostsController#new as HTML
  Rendering layout layouts/application.html.erb
  Rendering posts/new.html.erb within layouts/application
  Rendered posts/_form.html.erb (Duration: 7.3ms | Allocations: 842)
  Rendered posts/new.html.erb within layouts/application (Duration: 8.2ms | Allocations: 953)
[Webpacker] Everything's up-to-date. Nothing to do
  Rendered layout layouts/application.html.erb (Duration: 19.6ms | Allocations: 3811)
Completed 200 OK in 27ms (Views: 24.2ms | ActiveRecord: 0.0ms | Allocations: 4275)


Started POST "/posts" for ::1 at 2021-11-05 14:09:06 +0300
Processing by PostsController#create as HTML
  Parameters: {"authenticity_token"=>"[FILTERED]", "post"=>{"title"=>"İnsan, Doğa ve Yaşam", "body"=>"asdsada", "comment"=>"adasda"}, "commit"=>"Create Post"}
  [1m[36mTRANSACTION (0.3ms)[0m  [1m[36mbegin transaction[0m
  ↳ app/controllers/posts_controller.rb:27:in `block in create'
  [1m[36mPost Create (0.5ms)[0m  [1m[32mINSERT INTO "posts" ("title", "body", "comment", "created_at", "updated_at") VALUES (?, ?, ?, ?, ?)[0m  [["title", "İnsan, Doğa ve Yaşam"], ["body", "asdsada"], ["comment", "adasda"], ["created_at", "2021-11-05 11:09:06.992169"], ["updated_at", "2021-11-05 11:09:06.992169"]]
  ↳ app/controllers/posts_controller.rb:27:in `block in create'
  [1m[36mTRANSACTION (7.9ms)[0m  [1m[36mcommit transaction[0m
  ↳ app/controllers/posts_controller.rb:27:in `block in create'
Redirected to http://localhost:3000/posts/3
Completed 302 Found in 33ms (ActiveRecord: 8.7ms | Allocations: 4435)


Started GET "/posts/3" for ::1 at 2021-11-05 14:09:07 +0300
Processing by PostsController#show as HTML
  Parameters: {"id"=>"3"}
  [1m[36mPost Load (1.1ms)[0m  [1m[34mSELECT "posts".* FROM "posts" WHERE "posts"."id" = ? LIMIT ?[0m  [["id", 3], ["LIMIT", 1]]
  ↳ app/controllers/posts_controller.rb:62:in `set_post'
  Rendering layout layouts/application.html.erb
  Rendering posts/show.html.erb within layouts/application
  Rendered posts/show.html.erb within layouts/application (Duration: 1.1ms | Allocations: 154)
[Webpacker] Everything's up-to-date. Nothing to do
  Rendered layout layouts/application.html.erb (Duration: 16.5ms | Allocations: 3024)
Completed 200 OK in 29ms (Views: 18.0ms | ActiveRecord: 1.1ms | Allocations: 4031)


Started GET "/posts" for ::1 at 2021-11-05 14:09:08 +0300
Processing by PostsController#index as HTML
  Rendering layout layouts/application.html.erb
  Rendering posts/index.html.erb within layouts/application
  [1m[36mPost Load (0.5ms)[0m  [1m[34mSELECT "posts".* FROM "posts"[0m
  ↳ app/views/posts/index.html.erb:4
  Rendered posts/index.html.erb within layouts/application (Duration: 13.4ms | Allocations: 997)
[Webpacker] Everything's up-to-date. Nothing to do
  Rendered layout layouts/application.html.erb (Duration: 46.4ms | Allocations: 4494)
Completed 200 OK in 50ms (Views: 48.1ms | ActiveRecord: 0.5ms | Allocations: 4955)


Started GET "/posts/1" for ::1 at 2021-11-05 14:09:12 +0300
Processing by PostsController#show as HTML
  Parameters: {"id"=>"1"}
  [1m[36mPost Load (0.2ms)[0m  [1m[34mSELECT "posts".* FROM "posts" WHERE "posts"."id" = ? LIMIT ?[0m  [["id", 1], ["LIMIT", 1]]
  ↳ app/controllers/posts_controller.rb:62:in `set_post'
  Rendering layout layouts/application.html.erb
  Rendering posts/show.html.erb within layouts/application
  Rendered posts/show.html.erb within layouts/application (Duration: 0.7ms | Allocations: 152)
[Webpacker] Everything's up-to-date. Nothing to do
  Rendered layout layouts/application.html.erb (Duration: 17.9ms | Allocations: 3022)
Completed 200 OK in 29ms (Views: 22.4ms | ActiveRecord: 0.2ms | Allocations: 4024)


Started GET "/posts" for ::1 at 2021-11-05 14:09:14 +0300
Processing by PostsController#index as HTML
  Rendering layout layouts/application.html.erb
  Rendering posts/index.html.erb within layouts/application
  [1m[36mPost Load (0.3ms)[0m  [1m[34mSELECT "posts".* FROM "posts"[0m
  ↳ app/views/posts/index.html.erb:4
  Rendered posts/index.html.erb within layouts/application (Duration: 20.8ms | Allocations: 997)
[Webpacker] Everything's up-to-date. Nothing to do
  Rendered layout layouts/application.html.erb (Duration: 32.9ms | Allocations: 3879)
Completed 200 OK in 40ms (Views: 35.5ms | ActiveRecord: 0.3ms | Allocations: 4342)


Started GET "/posts" for ::1 at 2021-11-05 14:10:05 +0300
  [1m[35m (0.8ms)[0m  [1m[34mSELECT sqlite_version(*)[0m
  [1m[35m (0.5ms)[0m  [1m[34mSELECT "schema_migrations"."version" FROM "schema_migrations" ORDER BY "schema_migrations"."version" ASC[0m
Processing by PostsController#index as HTML
  Rendering layout layouts/application.html.erb
  Rendering posts/index.html.erb within layouts/application
  [1m[36mPost Load (0.3ms)[0m  [1m[34mSELECT "posts".* FROM "posts"[0m
  ↳ app/views/posts/index.html.erb:4
  Rendered posts/index.html.erb within layouts/application (Duration: 71.9ms | Allocations: 6204)
[Webpacker] Everything's up-to-date. Nothing to do
  Rendered layout layouts/application.html.erb (Duration: 136.4ms | Allocations: 11933)
Completed 200 OK in 182ms (Views: 145.2ms | ActiveRecord: 2.0ms | Allocations: 15565)


Started GET "/posts/1" for ::1 at 2021-11-05 14:10:09 +0300
Processing by PostsController#show as HTML
  Parameters: {"id"=>"1"}
  [1m[36mPost Load (0.5ms)[0m  [1m[34mSELECT "posts".* FROM "posts" WHERE "posts"."id" = ? LIMIT ?[0m  [["id", 1], ["LIMIT", 1]]
  ↳ app/controllers/posts_controller.rb:62:in `set_post'
  Rendering layout layouts/application.html.erb
  Rendering posts/show.html.erb within layouts/application
  Rendered posts/show.html.erb within layouts/application (Duration: 6.4ms | Allocations: 392)
[Webpacker] Everything's up-to-date. Nothing to do
  Rendered layout layouts/application.html.erb (Duration: 34.5ms | Allocations: 3892)
Completed 200 OK in 52ms (Views: 38.7ms | ActiveRecord: 0.5ms | Allocations: 5634)


  [1m[35m (0.6ms)[0m  [1m[34mSELECT sqlite_version(*)[0m
  [1m[35m (0.2ms)[0m  [1m[34mSELECT "schema_migrations"."version" FROM "schema_migrations" ORDER BY "schema_migrations"."version" ASC[0m
  [1m[36mActiveRecord::InternalMetadata Load (36.4ms)[0m  [1m[34mSELECT "ar_internal_metadata".* FROM "ar_internal_metadata" WHERE "ar_internal_metadata"."key" = ? LIMIT ?[0m  [["key", "environment"], ["LIMIT", 1]]
  [1m[35m (0.1ms)[0m  [1m[34mSELECT sqlite_version(*)[0m
  [1m[35m (0.1ms)[0m  [1m[34mSELECT "schema_migrations"."version" FROM "schema_migrations" ORDER BY "schema_migrations"."version" ASC[0m
Started GET "/posts" for ::1 at 2021-11-05 14:32:27 +0300
  [1m[35m (2.3ms)[0m  [1m[34mSELECT sqlite_version(*)[0m
  [1m[35m (0.4ms)[0m  [1m[34mSELECT "schema_migrations"."version" FROM "schema_migrations" ORDER BY "schema_migrations"."version" ASC[0m
Processing by PostsController#index as HTML
  Rendering layout layouts/application.html.erb
  Rendering posts/index.html.erb within layouts/application
  [1m[36mPost Load (0.4ms)[0m  [1m[34mSELECT "posts".* FROM "posts"[0m
  ↳ app/views/posts/index.html.erb:4
  Rendered posts/index.html.erb within layouts/application (Duration: 37.7ms | Allocations: 6192)
[Webpacker] Everything's up-to-date. Nothing to do
  Rendered layout layouts/application.html.erb (Duration: 83.2ms | Allocations: 11922)
Completed 200 OK in 102ms (Views: 86.3ms | ActiveRecord: 1.6ms | Allocations: 15554)


Started GET "/posts/1" for ::1 at 2021-11-05 14:32:30 +0300
Processing by PostsController#show as HTML
  Parameters: {"id"=>"1"}
  [1m[36mPost Load (0.2ms)[0m  [1m[34mSELECT "posts".* FROM "posts" WHERE "posts"."id" = ? LIMIT ?[0m  [["id", 1], ["LIMIT", 1]]
  ↳ app/controllers/posts_controller.rb:62:in `set_post'
  Rendering layout layouts/application.html.erb
  Rendering posts/show.html.erb within layouts/application
  Rendered posts/show.html.erb within layouts/application (Duration: 1.9ms | Allocations: 392)
[Webpacker] Everything's up-to-date. Nothing to do
  Rendered layout layouts/application.html.erb (Duration: 9.6ms | Allocations: 3276)
Completed 200 OK in 16ms (Views: 10.3ms | ActiveRecord: 0.2ms | Allocations: 5043)


Started GET "/posts" for ::1 at 2021-11-05 14:51:41 +0300
  [1m[35m (0.8ms)[0m  [1m[34mSELECT sqlite_version(*)[0m
  [1m[35m (0.4ms)[0m  [1m[34mSELECT "schema_migrations"."version" FROM "schema_migrations" ORDER BY "schema_migrations"."version" ASC[0m
Processing by PostsController#index as HTML
  Rendering layout layouts/application.html.erb
  Rendering posts/index.html.erb within layouts/application
  [1m[36mPost Load (0.2ms)[0m  [1m[34mSELECT "posts".* FROM "posts"[0m
  ↳ app/views/posts/index.html.erb:4
  Rendered posts/index.html.erb within layouts/application (Duration: 30.8ms | Allocations: 6204)
[Webpacker] Everything's up-to-date. Nothing to do
  Rendered layout layouts/application.html.erb (Duration: 49.8ms | Allocations: 11934)
Completed 200 OK in 72ms (Views: 53.9ms | ActiveRecord: 1.1ms | Allocations: 15566)


